<?xml version="1.0" encoding="UTF-8"?>
<testsuite xmlns:xsi="http://www.w3.org/2001/XMLSchema-instance" xsi:noNamespaceSchemaLocation="https://maven.apache.org/surefire/maven-surefire-plugin/xsd/surefire-test-report-3.0.xsd" version="3.0" name="com.olxapplication.test.TestCase" time="4.943" tests="3" errors="0" skipped="0" failures="0">
  <properties>
    <property name="java.specification.version" value="21"/>
    <property name="sun.cpu.isalist" value="amd64"/>
    <property name="sun.jnu.encoding" value="Cp1252"/>
    <property name="java.class.path" value="C:\Users\prico\OneDrive\Desktop\Faculta\PersonalProjects\OlxDeployed\target\test-classes;C:\Users\prico\OneDrive\Desktop\Faculta\PersonalProjects\OlxDeployed\target\classes;C:\Users\prico\.m2\repository\org\mockito\mockito-core\5.7.0\mockito-core-5.7.0.jar;C:\Users\prico\.m2\repository\net\bytebuddy\byte-buddy\1.14.12\byte-buddy-1.14.12.jar;C:\Users\prico\.m2\repository\net\bytebuddy\byte-buddy-agent\1.14.12\byte-buddy-agent-1.14.12.jar;C:\Users\prico\.m2\repository\org\objenesis\objenesis\3.3\objenesis-3.3.jar;C:\Users\prico\.m2\repository\org\springframework\boot\spring-boot-starter-data-jpa\3.2.3\spring-boot-starter-data-jpa-3.2.3.jar;C:\Users\prico\.m2\repository\org\springframework\boot\spring-boot-starter-aop\3.2.3\spring-boot-starter-aop-3.2.3.jar;C:\Users\prico\.m2\repository\org\springframework\spring-aop\6.1.4\spring-aop-6.1.4.jar;C:\Users\prico\.m2\repository\org\aspectj\aspectjweaver\1.9.21\aspectjweaver-1.9.21.jar;C:\Users\prico\.m2\repository\org\springframework\boot\spring-boot-starter-jdbc\3.2.3\spring-boot-starter-jdbc-3.2.3.jar;C:\Users\prico\.m2\repository\com\zaxxer\HikariCP\5.0.1\HikariCP-5.0.1.jar;C:\Users\prico\.m2\repository\org\springframework\spring-jdbc\6.1.4\spring-jdbc-6.1.4.jar;C:\Users\prico\.m2\repository\org\hibernate\orm\hibernate-core\6.4.4.Final\hibernate-core-6.4.4.Final.jar;C:\Users\prico\.m2\repository\jakarta\persistence\jakarta.persistence-api\3.1.0\jakarta.persistence-api-3.1.0.jar;C:\Users\prico\.m2\repository\jakarta\transaction\jakarta.transaction-api\2.0.1\jakarta.transaction-api-2.0.1.jar;C:\Users\prico\.m2\repository\org\jboss\logging\jboss-logging\3.5.3.Final\jboss-logging-3.5.3.Final.jar;C:\Users\prico\.m2\repository\org\hibernate\common\hibernate-commons-annotations\6.0.6.Final\hibernate-commons-annotations-6.0.6.Final.jar;C:\Users\prico\.m2\repository\io\smallrye\jandex\3.1.2\jandex-3.1.2.jar;C:\Users\prico\.m2\repository\com\fasterxml\classmate\1.6.0\classmate-1.6.0.jar;C:\Users\prico\.m2\repository\org\glassfish\jaxb\jaxb-runtime\4.0.4\jaxb-runtime-4.0.4.jar;C:\Users\prico\.m2\repository\org\glassfish\jaxb\jaxb-core\4.0.4\jaxb-core-4.0.4.jar;C:\Users\prico\.m2\repository\org\eclipse\angus\angus-activation\2.0.1\angus-activation-2.0.1.jar;C:\Users\prico\.m2\repository\org\glassfish\jaxb\txw2\4.0.4\txw2-4.0.4.jar;C:\Users\prico\.m2\repository\com\sun\istack\istack-commons-runtime\4.1.2\istack-commons-runtime-4.1.2.jar;C:\Users\prico\.m2\repository\jakarta\inject\jakarta.inject-api\2.0.1\jakarta.inject-api-2.0.1.jar;C:\Users\prico\.m2\repository\org\antlr\antlr4-runtime\4.13.0\antlr4-runtime-4.13.0.jar;C:\Users\prico\.m2\repository\org\springframework\data\spring-data-jpa\3.2.3\spring-data-jpa-3.2.3.jar;C:\Users\prico\.m2\repository\org\springframework\data\spring-data-commons\3.2.3\spring-data-commons-3.2.3.jar;C:\Users\prico\.m2\repository\org\springframework\spring-orm\6.1.4\spring-orm-6.1.4.jar;C:\Users\prico\.m2\repository\org\springframework\spring-beans\6.1.4\spring-beans-6.1.4.jar;C:\Users\prico\.m2\repository\jakarta\annotation\jakarta.annotation-api\2.1.1\jakarta.annotation-api-2.1.1.jar;C:\Users\prico\.m2\repository\org\springframework\spring-aspects\6.1.4\spring-aspects-6.1.4.jar;C:\Users\prico\.m2\repository\org\springframework\boot\spring-boot-starter-thymeleaf\3.2.3\spring-boot-starter-thymeleaf-3.2.3.jar;C:\Users\prico\.m2\repository\org\springframework\boot\spring-boot-starter\3.2.3\spring-boot-starter-3.2.3.jar;C:\Users\prico\.m2\repository\org\springframework\boot\spring-boot-starter-logging\3.2.3\spring-boot-starter-logging-3.2.3.jar;C:\Users\prico\.m2\repository\ch\qos\logback\logback-classic\1.4.14\logback-classic-1.4.14.jar;C:\Users\prico\.m2\repository\ch\qos\logback\logback-core\1.4.14\logback-core-1.4.14.jar;C:\Users\prico\.m2\repository\org\apache\logging\log4j\log4j-to-slf4j\2.21.1\log4j-to-slf4j-2.21.1.jar;C:\Users\prico\.m2\repository\org\apache\logging\log4j\log4j-api\2.21.1\log4j-api-2.21.1.jar;C:\Users\prico\.m2\repository\org\slf4j\jul-to-slf4j\2.0.12\jul-to-slf4j-2.0.12.jar;C:\Users\prico\.m2\repository\org\yaml\snakeyaml\2.2\snakeyaml-2.2.jar;C:\Users\prico\.m2\repository\org\thymeleaf\thymeleaf-spring6\3.1.2.RELEASE\thymeleaf-spring6-3.1.2.RELEASE.jar;C:\Users\prico\.m2\repository\org\thymeleaf\thymeleaf\3.1.2.RELEASE\thymeleaf-3.1.2.RELEASE.jar;C:\Users\prico\.m2\repository\org\attoparser\attoparser\2.0.7.RELEASE\attoparser-2.0.7.RELEASE.jar;C:\Users\prico\.m2\repository\org\unbescape\unbescape\1.1.6.RELEASE\unbescape-1.1.6.RELEASE.jar;C:\Users\prico\.m2\repository\org\springframework\boot\spring-boot-devtools\3.2.3\spring-boot-devtools-3.2.3.jar;C:\Users\prico\.m2\repository\org\springframework\boot\spring-boot\3.2.3\spring-boot-3.2.3.jar;C:\Users\prico\.m2\repository\org\springframework\boot\spring-boot-autoconfigure\3.2.3\spring-boot-autoconfigure-3.2.3.jar;C:\Users\prico\.m2\repository\org\postgresql\postgresql\42.6.1\postgresql-42.6.1.jar;C:\Users\prico\.m2\repository\org\checkerframework\checker-qual\3.31.0\checker-qual-3.31.0.jar;C:\Users\prico\.m2\repository\org\springframework\boot\spring-boot-starter-test\3.2.3\spring-boot-starter-test-3.2.3.jar;C:\Users\prico\.m2\repository\org\springframework\boot\spring-boot-test-autoconfigure\3.2.3\spring-boot-test-autoconfigure-3.2.3.jar;C:\Users\prico\.m2\repository\com\jayway\jsonpath\json-path\2.9.0\json-path-2.9.0.jar;C:\Users\prico\.m2\repository\jakarta\xml\bind\jakarta.xml.bind-api\4.0.1\jakarta.xml.bind-api-4.0.1.jar;C:\Users\prico\.m2\repository\jakarta\activation\jakarta.activation-api\2.1.2\jakarta.activation-api-2.1.2.jar;C:\Users\prico\.m2\repository\net\minidev\json-smart\2.5.0\json-smart-2.5.0.jar;C:\Users\prico\.m2\repository\net\minidev\accessors-smart\2.5.0\accessors-smart-2.5.0.jar;C:\Users\prico\.m2\repository\org\ow2\asm\asm\9.3\asm-9.3.jar;C:\Users\prico\.m2\repository\org\awaitility\awaitility\4.2.0\awaitility-4.2.0.jar;C:\Users\prico\.m2\repository\org\hamcrest\hamcrest\2.2\hamcrest-2.2.jar;C:\Users\prico\.m2\repository\org\junit\jupiter\junit-jupiter\5.10.2\junit-jupiter-5.10.2.jar;C:\Users\prico\.m2\repository\org\junit\jupiter\junit-jupiter-params\5.10.2\junit-jupiter-params-5.10.2.jar;C:\Users\prico\.m2\repository\org\junit\jupiter\junit-jupiter-engine\5.10.2\junit-jupiter-engine-5.10.2.jar;C:\Users\prico\.m2\repository\org\junit\platform\junit-platform-engine\1.10.2\junit-platform-engine-1.10.2.jar;C:\Users\prico\.m2\repository\org\mockito\mockito-junit-jupiter\5.7.0\mockito-junit-jupiter-5.7.0.jar;C:\Users\prico\.m2\repository\org\skyscreamer\jsonassert\1.5.1\jsonassert-1.5.1.jar;C:\Users\prico\.m2\repository\com\vaadin\external\google\android-json\0.0.20131108.vaadin1\android-json-0.0.20131108.vaadin1.jar;C:\Users\prico\.m2\repository\org\springframework\spring-core\6.1.4\spring-core-6.1.4.jar;C:\Users\prico\.m2\repository\org\springframework\spring-jcl\6.1.4\spring-jcl-6.1.4.jar;C:\Users\prico\.m2\repository\org\springframework\spring-test\6.1.4\spring-test-6.1.4.jar;C:\Users\prico\.m2\repository\org\xmlunit\xmlunit-core\2.9.1\xmlunit-core-2.9.1.jar;C:\Users\prico\.m2\repository\org\projectlombok\lombok\1.18.30\lombok-1.18.30.jar;C:\Users\prico\.m2\repository\org\springframework\boot\spring-boot-test\3.2.3\spring-boot-test-3.2.3.jar;C:\Users\prico\.m2\repository\org\springframework\boot\spring-boot-starter-web\3.2.3\spring-boot-starter-web-3.2.3.jar;C:\Users\prico\.m2\repository\org\springframework\boot\spring-boot-starter-json\3.2.3\spring-boot-starter-json-3.2.3.jar;C:\Users\prico\.m2\repository\com\fasterxml\jackson\core\jackson-databind\2.15.4\jackson-databind-2.15.4.jar;C:\Users\prico\.m2\repository\com\fasterxml\jackson\core\jackson-annotations\2.15.4\jackson-annotations-2.15.4.jar;C:\Users\prico\.m2\repository\com\fasterxml\jackson\core\jackson-core\2.15.4\jackson-core-2.15.4.jar;C:\Users\prico\.m2\repository\com\fasterxml\jackson\datatype\jackson-datatype-jdk8\2.15.4\jackson-datatype-jdk8-2.15.4.jar;C:\Users\prico\.m2\repository\com\fasterxml\jackson\datatype\jackson-datatype-jsr310\2.15.4\jackson-datatype-jsr310-2.15.4.jar;C:\Users\prico\.m2\repository\com\fasterxml\jackson\module\jackson-module-parameter-names\2.15.4\jackson-module-parameter-names-2.15.4.jar;C:\Users\prico\.m2\repository\org\springframework\boot\spring-boot-starter-tomcat\3.2.3\spring-boot-starter-tomcat-3.2.3.jar;C:\Users\prico\.m2\repository\org\apache\tomcat\embed\tomcat-embed-core\10.1.19\tomcat-embed-core-10.1.19.jar;C:\Users\prico\.m2\repository\org\apache\tomcat\embed\tomcat-embed-el\10.1.19\tomcat-embed-el-10.1.19.jar;C:\Users\prico\.m2\repository\org\apache\tomcat\embed\tomcat-embed-websocket\10.1.19\tomcat-embed-websocket-10.1.19.jar;C:\Users\prico\.m2\repository\org\springframework\spring-web\6.1.4\spring-web-6.1.4.jar;C:\Users\prico\.m2\repository\org\springframework\spring-webmvc\6.1.4\spring-webmvc-6.1.4.jar;C:\Users\prico\.m2\repository\org\springframework\spring-expression\6.1.4\spring-expression-6.1.4.jar;C:\Users\prico\.m2\repository\com\opencsv\opencsv\4.1\opencsv-4.1.jar;C:\Users\prico\.m2\repository\org\apache\commons\commons-lang3\3.13.0\commons-lang3-3.13.0.jar;C:\Users\prico\.m2\repository\org\apache\commons\commons-text\1.1\commons-text-1.1.jar;C:\Users\prico\.m2\repository\commons-beanutils\commons-beanutils\1.9.3\commons-beanutils-1.9.3.jar;C:\Users\prico\.m2\repository\commons-logging\commons-logging\1.2\commons-logging-1.2.jar;C:\Users\prico\.m2\repository\commons-collections\commons-collections\3.2.2\commons-collections-3.2.2.jar;C:\Users\prico\.m2\repository\org\springframework\amqp\spring-amqp\3.1.2\spring-amqp-3.1.2.jar;C:\Users\prico\.m2\repository\org\springframework\retry\spring-retry\2.0.5\spring-retry-2.0.5.jar;C:\Users\prico\.m2\repository\org\springframework\amqp\spring-rabbit\3.1.2\spring-rabbit-3.1.2.jar;C:\Users\prico\.m2\repository\com\rabbitmq\amqp-client\5.19.0\amqp-client-5.19.0.jar;C:\Users\prico\.m2\repository\org\springframework\spring-context\6.1.4\spring-context-6.1.4.jar;C:\Users\prico\.m2\repository\org\springframework\spring-messaging\6.1.4\spring-messaging-6.1.4.jar;C:\Users\prico\.m2\repository\org\springframework\spring-tx\6.1.4\spring-tx-6.1.4.jar;C:\Users\prico\.m2\repository\io\micrometer\micrometer-observation\1.12.3\micrometer-observation-1.12.3.jar;C:\Users\prico\.m2\repository\io\micrometer\micrometer-commons\1.12.3\micrometer-commons-1.12.3.jar;C:\Users\prico\.m2\repository\com\itextpdf\itextpdf\5.5.13\itextpdf-5.5.13.jar;C:\Users\prico\.m2\repository\org\assertj\assertj-core\3.24.2\assertj-core-3.24.2.jar;C:\Users\prico\.m2\repository\org\testng\testng\7.9.0\testng-7.9.0.jar;C:\Users\prico\.m2\repository\org\slf4j\slf4j-api\2.0.12\slf4j-api-2.0.12.jar;C:\Users\prico\.m2\repository\com\beust\jcommander\1.82\jcommander-1.82.jar;C:\Users\prico\.m2\repository\org\webjars\jquery\3.7.1\jquery-3.7.1.jar;C:\Users\prico\.m2\repository\org\junit\jupiter\junit-jupiter-api\5.10.2\junit-jupiter-api-5.10.2.jar;C:\Users\prico\.m2\repository\org\opentest4j\opentest4j\1.3.0\opentest4j-1.3.0.jar;C:\Users\prico\.m2\repository\org\junit\platform\junit-platform-commons\1.10.2\junit-platform-commons-1.10.2.jar;C:\Users\prico\.m2\repository\org\apiguardian\apiguardian-api\1.1.2\apiguardian-api-1.1.2.jar;"/>
    <property name="java.vm.vendor" value="Oracle Corporation"/>
    <property name="sun.arch.data.model" value="64"/>
    <property name="user.variant" value=""/>
    <property name="java.vendor.url" value="https://java.oracle.com/"/>
    <property name="catalina.useNaming" value="false"/>
    <property name="user.timezone" value="Europe/Bucharest"/>
    <property name="org.jboss.logging.provider" value="slf4j"/>
    <property name="os.name" value="Windows 11"/>
    <property name="java.vm.specification.version" value="21"/>
    <property name="sun.java.launcher" value="SUN_STANDARD"/>
    <property name="user.country" value="US"/>
    <property name="sun.boot.library.path" value="C:\Users\prico\.jdks\openjdk-21.0.2\bin"/>
    <property name="sun.java.command" value="C:\Users\prico\AppData\Local\Temp\surefire12284552010849921767\surefirebooter-20240724152336791_3.jar C:\Users\prico\AppData\Local\Temp\surefire12284552010849921767 2024-07-24T15-23-36_460-jvmRun1 surefire-20240724152336791_1tmp surefire_0-20240724152336791_2tmp"/>
    <property name="jdk.debug" value="release"/>
    <property name="surefire.test.class.path" value="C:\Users\prico\OneDrive\Desktop\Faculta\PersonalProjects\OlxDeployed\target\test-classes;C:\Users\prico\OneDrive\Desktop\Faculta\PersonalProjects\OlxDeployed\target\classes;C:\Users\prico\.m2\repository\org\mockito\mockito-core\5.7.0\mockito-core-5.7.0.jar;C:\Users\prico\.m2\repository\net\bytebuddy\byte-buddy\1.14.12\byte-buddy-1.14.12.jar;C:\Users\prico\.m2\repository\net\bytebuddy\byte-buddy-agent\1.14.12\byte-buddy-agent-1.14.12.jar;C:\Users\prico\.m2\repository\org\objenesis\objenesis\3.3\objenesis-3.3.jar;C:\Users\prico\.m2\repository\org\springframework\boot\spring-boot-starter-data-jpa\3.2.3\spring-boot-starter-data-jpa-3.2.3.jar;C:\Users\prico\.m2\repository\org\springframework\boot\spring-boot-starter-aop\3.2.3\spring-boot-starter-aop-3.2.3.jar;C:\Users\prico\.m2\repository\org\springframework\spring-aop\6.1.4\spring-aop-6.1.4.jar;C:\Users\prico\.m2\repository\org\aspectj\aspectjweaver\1.9.21\aspectjweaver-1.9.21.jar;C:\Users\prico\.m2\repository\org\springframework\boot\spring-boot-starter-jdbc\3.2.3\spring-boot-starter-jdbc-3.2.3.jar;C:\Users\prico\.m2\repository\com\zaxxer\HikariCP\5.0.1\HikariCP-5.0.1.jar;C:\Users\prico\.m2\repository\org\springframework\spring-jdbc\6.1.4\spring-jdbc-6.1.4.jar;C:\Users\prico\.m2\repository\org\hibernate\orm\hibernate-core\6.4.4.Final\hibernate-core-6.4.4.Final.jar;C:\Users\prico\.m2\repository\jakarta\persistence\jakarta.persistence-api\3.1.0\jakarta.persistence-api-3.1.0.jar;C:\Users\prico\.m2\repository\jakarta\transaction\jakarta.transaction-api\2.0.1\jakarta.transaction-api-2.0.1.jar;C:\Users\prico\.m2\repository\org\jboss\logging\jboss-logging\3.5.3.Final\jboss-logging-3.5.3.Final.jar;C:\Users\prico\.m2\repository\org\hibernate\common\hibernate-commons-annotations\6.0.6.Final\hibernate-commons-annotations-6.0.6.Final.jar;C:\Users\prico\.m2\repository\io\smallrye\jandex\3.1.2\jandex-3.1.2.jar;C:\Users\prico\.m2\repository\com\fasterxml\classmate\1.6.0\classmate-1.6.0.jar;C:\Users\prico\.m2\repository\org\glassfish\jaxb\jaxb-runtime\4.0.4\jaxb-runtime-4.0.4.jar;C:\Users\prico\.m2\repository\org\glassfish\jaxb\jaxb-core\4.0.4\jaxb-core-4.0.4.jar;C:\Users\prico\.m2\repository\org\eclipse\angus\angus-activation\2.0.1\angus-activation-2.0.1.jar;C:\Users\prico\.m2\repository\org\glassfish\jaxb\txw2\4.0.4\txw2-4.0.4.jar;C:\Users\prico\.m2\repository\com\sun\istack\istack-commons-runtime\4.1.2\istack-commons-runtime-4.1.2.jar;C:\Users\prico\.m2\repository\jakarta\inject\jakarta.inject-api\2.0.1\jakarta.inject-api-2.0.1.jar;C:\Users\prico\.m2\repository\org\antlr\antlr4-runtime\4.13.0\antlr4-runtime-4.13.0.jar;C:\Users\prico\.m2\repository\org\springframework\data\spring-data-jpa\3.2.3\spring-data-jpa-3.2.3.jar;C:\Users\prico\.m2\repository\org\springframework\data\spring-data-commons\3.2.3\spring-data-commons-3.2.3.jar;C:\Users\prico\.m2\repository\org\springframework\spring-orm\6.1.4\spring-orm-6.1.4.jar;C:\Users\prico\.m2\repository\org\springframework\spring-beans\6.1.4\spring-beans-6.1.4.jar;C:\Users\prico\.m2\repository\jakarta\annotation\jakarta.annotation-api\2.1.1\jakarta.annotation-api-2.1.1.jar;C:\Users\prico\.m2\repository\org\springframework\spring-aspects\6.1.4\spring-aspects-6.1.4.jar;C:\Users\prico\.m2\repository\org\springframework\boot\spring-boot-starter-thymeleaf\3.2.3\spring-boot-starter-thymeleaf-3.2.3.jar;C:\Users\prico\.m2\repository\org\springframework\boot\spring-boot-starter\3.2.3\spring-boot-starter-3.2.3.jar;C:\Users\prico\.m2\repository\org\springframework\boot\spring-boot-starter-logging\3.2.3\spring-boot-starter-logging-3.2.3.jar;C:\Users\prico\.m2\repository\ch\qos\logback\logback-classic\1.4.14\logback-classic-1.4.14.jar;C:\Users\prico\.m2\repository\ch\qos\logback\logback-core\1.4.14\logback-core-1.4.14.jar;C:\Users\prico\.m2\repository\org\apache\logging\log4j\log4j-to-slf4j\2.21.1\log4j-to-slf4j-2.21.1.jar;C:\Users\prico\.m2\repository\org\apache\logging\log4j\log4j-api\2.21.1\log4j-api-2.21.1.jar;C:\Users\prico\.m2\repository\org\slf4j\jul-to-slf4j\2.0.12\jul-to-slf4j-2.0.12.jar;C:\Users\prico\.m2\repository\org\yaml\snakeyaml\2.2\snakeyaml-2.2.jar;C:\Users\prico\.m2\repository\org\thymeleaf\thymeleaf-spring6\3.1.2.RELEASE\thymeleaf-spring6-3.1.2.RELEASE.jar;C:\Users\prico\.m2\repository\org\thymeleaf\thymeleaf\3.1.2.RELEASE\thymeleaf-3.1.2.RELEASE.jar;C:\Users\prico\.m2\repository\org\attoparser\attoparser\2.0.7.RELEASE\attoparser-2.0.7.RELEASE.jar;C:\Users\prico\.m2\repository\org\unbescape\unbescape\1.1.6.RELEASE\unbescape-1.1.6.RELEASE.jar;C:\Users\prico\.m2\repository\org\springframework\boot\spring-boot-devtools\3.2.3\spring-boot-devtools-3.2.3.jar;C:\Users\prico\.m2\repository\org\springframework\boot\spring-boot\3.2.3\spring-boot-3.2.3.jar;C:\Users\prico\.m2\repository\org\springframework\boot\spring-boot-autoconfigure\3.2.3\spring-boot-autoconfigure-3.2.3.jar;C:\Users\prico\.m2\repository\org\postgresql\postgresql\42.6.1\postgresql-42.6.1.jar;C:\Users\prico\.m2\repository\org\checkerframework\checker-qual\3.31.0\checker-qual-3.31.0.jar;C:\Users\prico\.m2\repository\org\springframework\boot\spring-boot-starter-test\3.2.3\spring-boot-starter-test-3.2.3.jar;C:\Users\prico\.m2\repository\org\springframework\boot\spring-boot-test-autoconfigure\3.2.3\spring-boot-test-autoconfigure-3.2.3.jar;C:\Users\prico\.m2\repository\com\jayway\jsonpath\json-path\2.9.0\json-path-2.9.0.jar;C:\Users\prico\.m2\repository\jakarta\xml\bind\jakarta.xml.bind-api\4.0.1\jakarta.xml.bind-api-4.0.1.jar;C:\Users\prico\.m2\repository\jakarta\activation\jakarta.activation-api\2.1.2\jakarta.activation-api-2.1.2.jar;C:\Users\prico\.m2\repository\net\minidev\json-smart\2.5.0\json-smart-2.5.0.jar;C:\Users\prico\.m2\repository\net\minidev\accessors-smart\2.5.0\accessors-smart-2.5.0.jar;C:\Users\prico\.m2\repository\org\ow2\asm\asm\9.3\asm-9.3.jar;C:\Users\prico\.m2\repository\org\awaitility\awaitility\4.2.0\awaitility-4.2.0.jar;C:\Users\prico\.m2\repository\org\hamcrest\hamcrest\2.2\hamcrest-2.2.jar;C:\Users\prico\.m2\repository\org\junit\jupiter\junit-jupiter\5.10.2\junit-jupiter-5.10.2.jar;C:\Users\prico\.m2\repository\org\junit\jupiter\junit-jupiter-params\5.10.2\junit-jupiter-params-5.10.2.jar;C:\Users\prico\.m2\repository\org\junit\jupiter\junit-jupiter-engine\5.10.2\junit-jupiter-engine-5.10.2.jar;C:\Users\prico\.m2\repository\org\junit\platform\junit-platform-engine\1.10.2\junit-platform-engine-1.10.2.jar;C:\Users\prico\.m2\repository\org\mockito\mockito-junit-jupiter\5.7.0\mockito-junit-jupiter-5.7.0.jar;C:\Users\prico\.m2\repository\org\skyscreamer\jsonassert\1.5.1\jsonassert-1.5.1.jar;C:\Users\prico\.m2\repository\com\vaadin\external\google\android-json\0.0.20131108.vaadin1\android-json-0.0.20131108.vaadin1.jar;C:\Users\prico\.m2\repository\org\springframework\spring-core\6.1.4\spring-core-6.1.4.jar;C:\Users\prico\.m2\repository\org\springframework\spring-jcl\6.1.4\spring-jcl-6.1.4.jar;C:\Users\prico\.m2\repository\org\springframework\spring-test\6.1.4\spring-test-6.1.4.jar;C:\Users\prico\.m2\repository\org\xmlunit\xmlunit-core\2.9.1\xmlunit-core-2.9.1.jar;C:\Users\prico\.m2\repository\org\projectlombok\lombok\1.18.30\lombok-1.18.30.jar;C:\Users\prico\.m2\repository\org\springframework\boot\spring-boot-test\3.2.3\spring-boot-test-3.2.3.jar;C:\Users\prico\.m2\repository\org\springframework\boot\spring-boot-starter-web\3.2.3\spring-boot-starter-web-3.2.3.jar;C:\Users\prico\.m2\repository\org\springframework\boot\spring-boot-starter-json\3.2.3\spring-boot-starter-json-3.2.3.jar;C:\Users\prico\.m2\repository\com\fasterxml\jackson\core\jackson-databind\2.15.4\jackson-databind-2.15.4.jar;C:\Users\prico\.m2\repository\com\fasterxml\jackson\core\jackson-annotations\2.15.4\jackson-annotations-2.15.4.jar;C:\Users\prico\.m2\repository\com\fasterxml\jackson\core\jackson-core\2.15.4\jackson-core-2.15.4.jar;C:\Users\prico\.m2\repository\com\fasterxml\jackson\datatype\jackson-datatype-jdk8\2.15.4\jackson-datatype-jdk8-2.15.4.jar;C:\Users\prico\.m2\repository\com\fasterxml\jackson\datatype\jackson-datatype-jsr310\2.15.4\jackson-datatype-jsr310-2.15.4.jar;C:\Users\prico\.m2\repository\com\fasterxml\jackson\module\jackson-module-parameter-names\2.15.4\jackson-module-parameter-names-2.15.4.jar;C:\Users\prico\.m2\repository\org\springframework\boot\spring-boot-starter-tomcat\3.2.3\spring-boot-starter-tomcat-3.2.3.jar;C:\Users\prico\.m2\repository\org\apache\tomcat\embed\tomcat-embed-core\10.1.19\tomcat-embed-core-10.1.19.jar;C:\Users\prico\.m2\repository\org\apache\tomcat\embed\tomcat-embed-el\10.1.19\tomcat-embed-el-10.1.19.jar;C:\Users\prico\.m2\repository\org\apache\tomcat\embed\tomcat-embed-websocket\10.1.19\tomcat-embed-websocket-10.1.19.jar;C:\Users\prico\.m2\repository\org\springframework\spring-web\6.1.4\spring-web-6.1.4.jar;C:\Users\prico\.m2\repository\org\springframework\spring-webmvc\6.1.4\spring-webmvc-6.1.4.jar;C:\Users\prico\.m2\repository\org\springframework\spring-expression\6.1.4\spring-expression-6.1.4.jar;C:\Users\prico\.m2\repository\com\opencsv\opencsv\4.1\opencsv-4.1.jar;C:\Users\prico\.m2\repository\org\apache\commons\commons-lang3\3.13.0\commons-lang3-3.13.0.jar;C:\Users\prico\.m2\repository\org\apache\commons\commons-text\1.1\commons-text-1.1.jar;C:\Users\prico\.m2\repository\commons-beanutils\commons-beanutils\1.9.3\commons-beanutils-1.9.3.jar;C:\Users\prico\.m2\repository\commons-logging\commons-logging\1.2\commons-logging-1.2.jar;C:\Users\prico\.m2\repository\commons-collections\commons-collections\3.2.2\commons-collections-3.2.2.jar;C:\Users\prico\.m2\repository\org\springframework\amqp\spring-amqp\3.1.2\spring-amqp-3.1.2.jar;C:\Users\prico\.m2\repository\org\springframework\retry\spring-retry\2.0.5\spring-retry-2.0.5.jar;C:\Users\prico\.m2\repository\org\springframework\amqp\spring-rabbit\3.1.2\spring-rabbit-3.1.2.jar;C:\Users\prico\.m2\repository\com\rabbitmq\amqp-client\5.19.0\amqp-client-5.19.0.jar;C:\Users\prico\.m2\repository\org\springframework\spring-context\6.1.4\spring-context-6.1.4.jar;C:\Users\prico\.m2\repository\org\springframework\spring-messaging\6.1.4\spring-messaging-6.1.4.jar;C:\Users\prico\.m2\repository\org\springframework\spring-tx\6.1.4\spring-tx-6.1.4.jar;C:\Users\prico\.m2\repository\io\micrometer\micrometer-observation\1.12.3\micrometer-observation-1.12.3.jar;C:\Users\prico\.m2\repository\io\micrometer\micrometer-commons\1.12.3\micrometer-commons-1.12.3.jar;C:\Users\prico\.m2\repository\com\itextpdf\itextpdf\5.5.13\itextpdf-5.5.13.jar;C:\Users\prico\.m2\repository\org\assertj\assertj-core\3.24.2\assertj-core-3.24.2.jar;C:\Users\prico\.m2\repository\org\testng\testng\7.9.0\testng-7.9.0.jar;C:\Users\prico\.m2\repository\org\slf4j\slf4j-api\2.0.12\slf4j-api-2.0.12.jar;C:\Users\prico\.m2\repository\com\beust\jcommander\1.82\jcommander-1.82.jar;C:\Users\prico\.m2\repository\org\webjars\jquery\3.7.1\jquery-3.7.1.jar;C:\Users\prico\.m2\repository\org\junit\jupiter\junit-jupiter-api\5.10.2\junit-jupiter-api-5.10.2.jar;C:\Users\prico\.m2\repository\org\opentest4j\opentest4j\1.3.0\opentest4j-1.3.0.jar;C:\Users\prico\.m2\repository\org\junit\platform\junit-platform-commons\1.10.2\junit-platform-commons-1.10.2.jar;C:\Users\prico\.m2\repository\org\apiguardian\apiguardian-api\1.1.2\apiguardian-api-1.1.2.jar;"/>
    <property name="sun.cpu.endian" value="little"/>
    <property name="user.home" value="C:\Users\prico"/>
    <property name="user.language" value="en"/>
    <property name="java.specification.vendor" value="Oracle Corporation"/>
    <property name="java.version.date" value="2024-01-16"/>
    <property name="java.home" value="C:\Users\prico\.jdks\openjdk-21.0.2"/>
    <property name="file.separator" value="\"/>
    <property name="basedir" value="C:\Users\prico\OneDrive\Desktop\Faculta\PersonalProjects\OlxDeployed"/>
    <property name="java.vm.compressedOopsMode" value="Zero based"/>
    <property name="line.separator" value="&#10;"/>
    <property name="java.vm.specification.vendor" value="Oracle Corporation"/>
    <property name="java.specification.name" value="Java Platform API Specification"/>
    <property name="FILE_LOG_CHARSET" value="UTF-8"/>
    <property name="java.awt.headless" value="true"/>
    <property name="surefire.real.class.path" value="C:\Users\prico\AppData\Local\Temp\surefire12284552010849921767\surefirebooter-20240724152336791_3.jar"/>
    <property name="user.script" value=""/>
    <property name="sun.management.compiler" value="HotSpot 64-Bit Tiered Compilers"/>
    <property name="java.runtime.version" value="21.0.2+13-58"/>
    <property name="user.name" value="prico"/>
    <property name="stdout.encoding" value="Cp1252"/>
    <property name="path.separator" value=";"/>
    <property name="os.version" value="10.0"/>
    <property name="java.runtime.name" value="OpenJDK Runtime Environment"/>
    <property name="file.encoding" value="UTF-8"/>
    <property name="java.vm.name" value="OpenJDK 64-Bit Server VM"/>
    <property name="localRepository" value="C:\Users\prico\.m2\repository"/>
    <property name="java.vendor.url.bug" value="https://bugreport.java.com/bugreport/"/>
    <property name="java.io.tmpdir" value="C:\Users\prico\AppData\Local\Temp\"/>
    <property name="idea.version" value="2024.1"/>
    <property name="com.zaxxer.hikari.pool_number" value="2"/>
    <property name="catalina.home" value="C:\Users\prico\AppData\Local\Temp\tomcat.0.4672320593708891197"/>
    <property name="java.version" value="21.0.2"/>
    <property name="user.dir" value="C:\Users\prico\OneDrive\Desktop\Faculta\PersonalProjects\OlxDeployed"/>
    <property name="os.arch" value="amd64"/>
    <property name="java.vm.specification.name" value="Java Virtual Machine Specification"/>
    <property name="PID" value="11612"/>
    <property name="sun.os.patch.level" value=""/>
    <property name="CONSOLE_LOG_CHARSET" value="UTF-8"/>
    <property name="catalina.base" value="C:\Users\prico\AppData\Local\Temp\tomcat.0.4672320593708891197"/>
    <property name="native.encoding" value="Cp1252"/>
    <property name="java.library.path" value="C:\Users\prico\.jdks\openjdk-21.0.2\bin;C:\WINDOWS\Sun\Java\bin;C:\WINDOWS\system32;C:\WINDOWS;C:\Program Files\Common Files\Oracle\Java\javapath;C:\WINDOWS\system32;C:\WINDOWS;C:\WINDOWS\System32\Wbem;C:\WINDOWS\System32\WindowsPowerShell\v1.0\;C:\WINDOWS\System32\OpenSSH\;C:\Program Files\MATLAB\R2022b\bin;C:\Program Files\Git\cmd;C:\Program Files\nodejs\;C:\Program Files\PuTTY\;C:\Program Files\swipl\bin;C:\Program Files\Docker\Docker\resources\bin;C:\Users\prico\AppData\Local\Programs\Python\Launcher\;C:\Program Files (x86)\Elm\0.19.1\bin;C:\Program Files\MySQL\MySQL Shell 8.0\bin\;C:\Users\prico\AppData\Local\Microsoft\WindowsApps;C:\Users\prico\AppData\Local\Programs\Microsoft VS Code\bin;C:\Users\prico\AppData\Roaming\npm;C:\ghcup\bin;C:\Users\prico\AppData\Local\JetBrains\Toolbox\scripts;;C:\Users\prico\AppData\Local\Microsoft\WindowsApps;C:\Program Files\JetBrains\IntelliJ IDEA 2024.1\bin;;."/>
    <property name="java.vm.info" value="mixed mode, sharing"/>
    <property name="stderr.encoding" value="Cp1252"/>
    <property name="java.vendor" value="Oracle Corporation"/>
    <property name="java.vm.version" value="21.0.2+13-58"/>
    <property name="sun.io.unicode.encoding" value="UnicodeLittle"/>
    <property name="java.class.version" value="65.0"/>
  </properties>
  <testcase name="testRemoveFromFavourite" classname="com.olxapplication.test.TestCase" time="0.649">
    <system-out><![CDATA[2024-07-24T15:23:57.151+03:00  INFO 11612 --- [           main] o.s.b.d.r.RestartApplicationListener     : Restart disabled due to context in which it is running

  .   ____          _            __ _ _
 /\\ / ___'_ __ _ _(_)_ __  __ _ \ \ \ \
( ( )\___ | '_ | '_| | '_ \/ _` | \ \ \ \
 \\/  ___)| |_)| | | | | || (_| |  ) ) ) )
  '  |____| .__|_| |_|_| |_\__, | / / / /
 =========|_|==============|___/=/_/_/_/
 :: Spring Boot ::                (v3.2.3)

2024-07-24T15:23:57.198+03:00  INFO 11612 --- [           main] com.olxapplication.test.TestCase         : Starting TestCase using Java 21.0.2 with PID 11612 (started by prico in C:\Users\prico\OneDrive\Desktop\Faculta\PersonalProjects\OlxDeployed)
2024-07-24T15:23:57.201+03:00  INFO 11612 --- [           main] com.olxapplication.test.TestCase         : No active profile set, falling back to 1 default profile: "default"
2024-07-24T15:23:58.310+03:00  INFO 11612 --- [           main] .s.d.r.c.RepositoryConfigurationDelegate : Bootstrapping Spring Data JPA repositories in DEFAULT mode.
2024-07-24T15:23:58.364+03:00  INFO 11612 --- [           main] .s.d.r.c.RepositoryConfigurationDelegate : Finished Spring Data repository scanning in 52 ms. Found 5 JPA repository interfaces.
2024-07-24T15:23:59.642+03:00  INFO 11612 --- [           main] o.s.b.w.embedded.tomcat.TomcatWebServer  : Tomcat initialized with port 0 (http)
2024-07-24T15:23:59.670+03:00  INFO 11612 --- [           main] o.apache.catalina.core.StandardService   : Starting service [Tomcat]
2024-07-24T15:23:59.670+03:00  INFO 11612 --- [           main] o.apache.catalina.core.StandardEngine    : Starting Servlet engine: [Apache Tomcat/10.1.19]
2024-07-24T15:23:59.761+03:00  INFO 11612 --- [           main] o.a.c.c.C.[Tomcat].[localhost].[/]       : Initializing Spring embedded WebApplicationContext
2024-07-24T15:23:59.763+03:00  INFO 11612 --- [           main] w.s.c.ServletWebServerApplicationContext : Root WebApplicationContext: initialization completed in 2556 ms
2024-07-24T15:23:59.920+03:00  INFO 11612 --- [           main] o.hibernate.jpa.internal.util.LogHelper  : HHH000204: Processing PersistenceUnitInfo [name: default]
2024-07-24T15:23:59.938+03:00  INFO 11612 --- [           main] o.h.c.internal.RegionFactoryInitiator    : HHH000026: Second-level cache disabled
2024-07-24T15:23:59.945+03:00  INFO 11612 --- [           main] o.s.o.j.p.SpringPersistenceUnitInfo      : No LoadTimeWeaver setup: ignoring JPA class transformer
2024-07-24T15:23:59.947+03:00  INFO 11612 --- [           main] com.zaxxer.hikari.HikariDataSource       : HikariPool-2 - Starting...
2024-07-24T15:24:00.020+03:00  INFO 11612 --- [           main] com.zaxxer.hikari.pool.HikariPool        : HikariPool-2 - Added connection org.postgresql.jdbc.PgConnection@3577fd9b
2024-07-24T15:24:00.020+03:00  INFO 11612 --- [           main] com.zaxxer.hikari.HikariDataSource       : HikariPool-2 - Start completed.
2024-07-24T15:24:00.028+03:00  WARN 11612 --- [           main] org.hibernate.orm.deprecation            : HHH90000025: PostgreSQLDialect does not need to be specified explicitly using 'hibernate.dialect' (remove the property setting and it will be selected by default)
2024-07-24T15:24:00.226+03:00  INFO 11612 --- [           main] o.h.e.t.j.p.i.JtaPlatformInitiator       : HHH000489: No JTA platform available (set 'hibernate.transaction.jta.platform' to enable JTA platform integration)
2024-07-24T15:24:00.368+03:00  INFO 11612 --- [           main] j.LocalContainerEntityManagerFactoryBean : Initialized JPA EntityManagerFactory for persistence unit 'default'
2024-07-24T15:24:00.611+03:00  WARN 11612 --- [           main] JpaBaseConfiguration$JpaWebConfiguration : spring.jpa.open-in-view is enabled by default. Therefore, database queries may be performed during view rendering. Explicitly configure spring.jpa.open-in-view to disable this warning
2024-07-24T15:24:00.938+03:00  INFO 11612 --- [           main] o.a.c.c.C.[Tomcat].[localhost].[/]       : Initializing Spring TestDispatcherServlet ''
2024-07-24T15:24:00.940+03:00  INFO 11612 --- [           main] o.s.t.web.servlet.TestDispatcherServlet  : Initializing Servlet ''
2024-07-24T15:24:00.941+03:00  INFO 11612 --- [           main] o.s.t.web.servlet.TestDispatcherServlet  : Completed initialization in 1 ms
2024-07-24T15:24:01.002+03:00  INFO 11612 --- [           main] o.s.b.w.embedded.tomcat.TomcatWebServer  : Tomcat started on port 49207 (http) with context path ''
2024-07-24T15:24:01.006+03:00  INFO 11612 --- [           main] com.olxapplication.test.TestCase         : Started TestCase in 3.855 seconds (process running for 23.825)
Hibernate: select u1_0.id,u1_0.email,u1_0.favourite_id,u1_0.first_name,u1_0.last_name,u1_0.password,u1_0.role from users_table u1_0
Hibernate: select f1_0.id,f1_0.total,u1_0.id,u1_0.email,u1_0.first_name,u1_0.last_name,u1_0.password,u1_0.role from favourites_table f1_0 left join users_table u1_0 on f1_0.id=u1_0.favourite_id where f1_0.id=?
Hibernate: select f1_0.id,f1_0.total,u1_0.id,u1_0.email,u1_0.first_name,u1_0.last_name,u1_0.password,u1_0.role from favourites_table f1_0 left join users_table u1_0 on f1_0.id=u1_0.favourite_id where f1_0.id=?
Hibernate: select f1_0.id,f1_0.total,u1_0.id,u1_0.email,u1_0.first_name,u1_0.last_name,u1_0.password,u1_0.role from favourites_table f1_0 left join users_table u1_0 on f1_0.id=u1_0.favourite_id where f1_0.id=?
Hibernate: select f1_0.id,f1_0.total,u1_0.id,u1_0.email,u1_0.first_name,u1_0.last_name,u1_0.password,u1_0.role from favourites_table f1_0 left join users_table u1_0 on f1_0.id=u1_0.favourite_id where f1_0.id=?
Hibernate: select f1_0.id,f1_0.total,u1_0.id,u1_0.email,u1_0.first_name,u1_0.last_name,u1_0.password,u1_0.role from favourites_table f1_0 left join users_table u1_0 on f1_0.id=u1_0.favourite_id where f1_0.id=?
Hibernate: select f1_0.id,f1_0.total,u1_0.id,u1_0.email,u1_0.first_name,u1_0.last_name,u1_0.password,u1_0.role from favourites_table f1_0 left join users_table u1_0 on f1_0.id=u1_0.favourite_id where f1_0.id=?
Hibernate: select f1_0.id,f1_0.total,u1_0.id,u1_0.email,u1_0.first_name,u1_0.last_name,u1_0.password,u1_0.role from favourites_table f1_0 left join users_table u1_0 on f1_0.id=u1_0.favourite_id where f1_0.id=?
Hibernate: select a1_0.user_id,a1_0.id,c1_0.id,c1_0.category_name,a1_0.date,a1_0.description,a1_0.discount,a1_0.imageurl,a1_0.new_price,a1_0.price,a1_0.title from announces_table a1_0 left join categories_table c1_0 on c1_0.id=a1_0.category_id where a1_0.user_id=?
Hibernate: select f1_0.announcement_id,f1_1.id,f1_1.total,u1_0.id,u1_0.email,u1_0.first_name,u1_0.last_name,u1_0.password,u1_0.role from favourite_announcement f1_0 join favourites_table f1_1 on f1_1.id=f1_0.favourite_id left join users_table u1_0 on f1_1.id=u1_0.favourite_id where f1_0.announcement_id=?
Hibernate: select f1_0.announcement_id,f1_1.id,f1_1.total,u1_0.id,u1_0.email,u1_0.first_name,u1_0.last_name,u1_0.password,u1_0.role from favourite_announcement f1_0 join favourites_table f1_1 on f1_1.id=f1_0.favourite_id left join users_table u1_0 on f1_1.id=u1_0.favourite_id where f1_0.announcement_id=?
Hibernate: select fa1_0.favourite_id,fa1_1.id,c1_0.id,c1_0.category_name,fa1_1.date,fa1_1.description,fa1_1.discount,fa1_1.imageurl,fa1_1.new_price,fa1_1.price,fa1_1.title,u1_0.id,u1_0.email,fl1_0.id,fl1_0.total,u1_0.first_name,u1_0.last_name,u1_0.password,u1_0.role from favourite_announcement fa1_0 join announces_table fa1_1 on fa1_1.id=fa1_0.announcement_id left join categories_table c1_0 on c1_0.id=fa1_1.category_id left join users_table u1_0 on u1_0.id=fa1_1.user_id left join favourites_table fl1_0 on fl1_0.id=u1_0.favourite_id where fa1_0.favourite_id=?
Hibernate: select fa1_0.favourite_id,fa1_1.id,c1_0.id,c1_0.category_name,fa1_1.date,fa1_1.description,fa1_1.discount,fa1_1.imageurl,fa1_1.new_price,fa1_1.price,fa1_1.title,u1_0.id,u1_0.email,fl1_0.id,fl1_0.total,u1_0.first_name,u1_0.last_name,u1_0.password,u1_0.role from favourite_announcement fa1_0 join announces_table fa1_1 on fa1_1.id=fa1_0.announcement_id left join categories_table c1_0 on c1_0.id=fa1_1.category_id left join users_table u1_0 on u1_0.id=fa1_1.user_id left join favourites_table fl1_0 on fl1_0.id=u1_0.favourite_id where fa1_0.favourite_id=?
Hibernate: select rm1_0.receiver_id,rm1_0.id,rm1_0.date,rm1_0.msg,s1_0.id,s1_0.email,fl1_0.id,fl1_0.total,s1_0.first_name,s1_0.last_name,s1_0.password,s1_0.role from messages_table rm1_0 left join users_table s1_0 on s1_0.id=rm1_0.sender_id left join favourites_table fl1_0 on fl1_0.id=s1_0.favourite_id where rm1_0.receiver_id=?
Hibernate: select sm1_0.sender_id,sm1_0.id,sm1_0.date,sm1_0.msg,r1_0.id,r1_0.email,fl1_0.id,fl1_0.total,r1_0.first_name,r1_0.last_name,r1_0.password,r1_0.role from messages_table sm1_0 left join users_table r1_0 on r1_0.id=sm1_0.receiver_id left join favourites_table fl1_0 on fl1_0.id=r1_0.favourite_id where sm1_0.sender_id=?
Hibernate: select a1_0.user_id,a1_0.id,c1_0.id,c1_0.category_name,a1_0.date,a1_0.description,a1_0.discount,a1_0.imageurl,a1_0.new_price,a1_0.price,a1_0.title from announces_table a1_0 left join categories_table c1_0 on c1_0.id=a1_0.category_id where a1_0.user_id=?
Hibernate: select f1_0.announcement_id,f1_1.id,f1_1.total,u1_0.id,u1_0.email,u1_0.first_name,u1_0.last_name,u1_0.password,u1_0.role from favourite_announcement f1_0 join favourites_table f1_1 on f1_1.id=f1_0.favourite_id left join users_table u1_0 on f1_1.id=u1_0.favourite_id where f1_0.announcement_id=?
Hibernate: select fa1_0.favourite_id,fa1_1.id,c1_0.id,c1_0.category_name,fa1_1.date,fa1_1.description,fa1_1.discount,fa1_1.imageurl,fa1_1.new_price,fa1_1.price,fa1_1.title,u1_0.id,u1_0.email,fl1_0.id,fl1_0.total,u1_0.first_name,u1_0.last_name,u1_0.password,u1_0.role from favourite_announcement fa1_0 join announces_table fa1_1 on fa1_1.id=fa1_0.announcement_id left join categories_table c1_0 on c1_0.id=fa1_1.category_id left join users_table u1_0 on u1_0.id=fa1_1.user_id left join favourites_table fl1_0 on fl1_0.id=u1_0.favourite_id where fa1_0.favourite_id=?
Hibernate: select f1_0.announcement_id,f1_1.id,f1_1.total,u1_0.id,u1_0.email,u1_0.first_name,u1_0.last_name,u1_0.password,u1_0.role from favourite_announcement f1_0 join favourites_table f1_1 on f1_1.id=f1_0.favourite_id left join users_table u1_0 on f1_1.id=u1_0.favourite_id where f1_0.announcement_id=?
Hibernate: select rm1_0.receiver_id,rm1_0.id,rm1_0.date,rm1_0.msg,s1_0.id,s1_0.email,fl1_0.id,fl1_0.total,s1_0.first_name,s1_0.last_name,s1_0.password,s1_0.role from messages_table rm1_0 left join users_table s1_0 on s1_0.id=rm1_0.sender_id left join favourites_table fl1_0 on fl1_0.id=s1_0.favourite_id where rm1_0.receiver_id=?
Hibernate: select sm1_0.sender_id,sm1_0.id,sm1_0.date,sm1_0.msg,r1_0.id,r1_0.email,fl1_0.id,fl1_0.total,r1_0.first_name,r1_0.last_name,r1_0.password,r1_0.role from messages_table sm1_0 left join users_table r1_0 on r1_0.id=sm1_0.receiver_id left join favourites_table fl1_0 on fl1_0.id=r1_0.favourite_id where sm1_0.sender_id=?
Hibernate: select a1_0.user_id,a1_0.id,c1_0.id,c1_0.category_name,a1_0.date,a1_0.description,a1_0.discount,a1_0.imageurl,a1_0.new_price,a1_0.price,a1_0.title from announces_table a1_0 left join categories_table c1_0 on c1_0.id=a1_0.category_id where a1_0.user_id=?
Hibernate: select f1_0.announcement_id,f1_1.id,f1_1.total,u1_0.id,u1_0.email,u1_0.first_name,u1_0.last_name,u1_0.password,u1_0.role from favourite_announcement f1_0 join favourites_table f1_1 on f1_1.id=f1_0.favourite_id left join users_table u1_0 on f1_1.id=u1_0.favourite_id where f1_0.announcement_id=?
Hibernate: select f1_0.announcement_id,f1_1.id,f1_1.total,u1_0.id,u1_0.email,u1_0.first_name,u1_0.last_name,u1_0.password,u1_0.role from favourite_announcement f1_0 join favourites_table f1_1 on f1_1.id=f1_0.favourite_id left join users_table u1_0 on f1_1.id=u1_0.favourite_id where f1_0.announcement_id=?
Hibernate: select f1_0.announcement_id,f1_1.id,f1_1.total,u1_0.id,u1_0.email,u1_0.first_name,u1_0.last_name,u1_0.password,u1_0.role from favourite_announcement f1_0 join favourites_table f1_1 on f1_1.id=f1_0.favourite_id left join users_table u1_0 on f1_1.id=u1_0.favourite_id where f1_0.announcement_id=?
Hibernate: select rm1_0.receiver_id,rm1_0.id,rm1_0.date,rm1_0.msg,s1_0.id,s1_0.email,fl1_0.id,fl1_0.total,s1_0.first_name,s1_0.last_name,s1_0.password,s1_0.role from messages_table rm1_0 left join users_table s1_0 on s1_0.id=rm1_0.sender_id left join favourites_table fl1_0 on fl1_0.id=s1_0.favourite_id where rm1_0.receiver_id=?
Hibernate: select sm1_0.sender_id,sm1_0.id,sm1_0.date,sm1_0.msg,r1_0.id,r1_0.email,fl1_0.id,fl1_0.total,r1_0.first_name,r1_0.last_name,r1_0.password,r1_0.role from messages_table sm1_0 left join users_table r1_0 on r1_0.id=sm1_0.receiver_id left join favourites_table fl1_0 on fl1_0.id=r1_0.favourite_id where sm1_0.sender_id=?
Hibernate: select a1_0.user_id,a1_0.id,c1_0.id,c1_0.category_name,a1_0.date,a1_0.description,a1_0.discount,a1_0.imageurl,a1_0.new_price,a1_0.price,a1_0.title from announces_table a1_0 left join categories_table c1_0 on c1_0.id=a1_0.category_id where a1_0.user_id=?
Hibernate: select rm1_0.receiver_id,rm1_0.id,rm1_0.date,rm1_0.msg,s1_0.id,s1_0.email,fl1_0.id,fl1_0.total,s1_0.first_name,s1_0.last_name,s1_0.password,s1_0.role from messages_table rm1_0 left join users_table s1_0 on s1_0.id=rm1_0.sender_id left join favourites_table fl1_0 on fl1_0.id=s1_0.favourite_id where rm1_0.receiver_id=?
Hibernate: select sm1_0.sender_id,sm1_0.id,sm1_0.date,sm1_0.msg,r1_0.id,r1_0.email,fl1_0.id,fl1_0.total,r1_0.first_name,r1_0.last_name,r1_0.password,r1_0.role from messages_table sm1_0 left join users_table r1_0 on r1_0.id=sm1_0.receiver_id left join favourites_table fl1_0 on fl1_0.id=r1_0.favourite_id where sm1_0.sender_id=?
Hibernate: select a1_0.user_id,a1_0.id,c1_0.id,c1_0.category_name,a1_0.date,a1_0.description,a1_0.discount,a1_0.imageurl,a1_0.new_price,a1_0.price,a1_0.title from announces_table a1_0 left join categories_table c1_0 on c1_0.id=a1_0.category_id where a1_0.user_id=?
Hibernate: select rm1_0.receiver_id,rm1_0.id,rm1_0.date,rm1_0.msg,s1_0.id,s1_0.email,fl1_0.id,fl1_0.total,s1_0.first_name,s1_0.last_name,s1_0.password,s1_0.role from messages_table rm1_0 left join users_table s1_0 on s1_0.id=rm1_0.sender_id left join favourites_table fl1_0 on fl1_0.id=s1_0.favourite_id where rm1_0.receiver_id=?
Hibernate: select sm1_0.sender_id,sm1_0.id,sm1_0.date,sm1_0.msg,r1_0.id,r1_0.email,fl1_0.id,fl1_0.total,r1_0.first_name,r1_0.last_name,r1_0.password,r1_0.role from messages_table sm1_0 left join users_table r1_0 on r1_0.id=sm1_0.receiver_id left join favourites_table fl1_0 on fl1_0.id=r1_0.favourite_id where sm1_0.sender_id=?
Hibernate: select a1_0.user_id,a1_0.id,c1_0.id,c1_0.category_name,a1_0.date,a1_0.description,a1_0.discount,a1_0.imageurl,a1_0.new_price,a1_0.price,a1_0.title from announces_table a1_0 left join categories_table c1_0 on c1_0.id=a1_0.category_id where a1_0.user_id=?
Hibernate: select rm1_0.receiver_id,rm1_0.id,rm1_0.date,rm1_0.msg,s1_0.id,s1_0.email,fl1_0.id,fl1_0.total,s1_0.first_name,s1_0.last_name,s1_0.password,s1_0.role from messages_table rm1_0 left join users_table s1_0 on s1_0.id=rm1_0.sender_id left join favourites_table fl1_0 on fl1_0.id=s1_0.favourite_id where rm1_0.receiver_id=?
Hibernate: select sm1_0.sender_id,sm1_0.id,sm1_0.date,sm1_0.msg,r1_0.id,r1_0.email,fl1_0.id,fl1_0.total,r1_0.first_name,r1_0.last_name,r1_0.password,r1_0.role from messages_table sm1_0 left join users_table r1_0 on r1_0.id=sm1_0.receiver_id left join favourites_table fl1_0 on fl1_0.id=r1_0.favourite_id where sm1_0.sender_id=?
Hibernate: select a1_0.user_id,a1_0.id,c1_0.id,c1_0.category_name,a1_0.date,a1_0.description,a1_0.discount,a1_0.imageurl,a1_0.new_price,a1_0.price,a1_0.title from announces_table a1_0 left join categories_table c1_0 on c1_0.id=a1_0.category_id where a1_0.user_id=?
Hibernate: select rm1_0.receiver_id,rm1_0.id,rm1_0.date,rm1_0.msg,s1_0.id,s1_0.email,fl1_0.id,fl1_0.total,s1_0.first_name,s1_0.last_name,s1_0.password,s1_0.role from messages_table rm1_0 left join users_table s1_0 on s1_0.id=rm1_0.sender_id left join favourites_table fl1_0 on fl1_0.id=s1_0.favourite_id where rm1_0.receiver_id=?
Hibernate: select sm1_0.sender_id,sm1_0.id,sm1_0.date,sm1_0.msg,r1_0.id,r1_0.email,fl1_0.id,fl1_0.total,r1_0.first_name,r1_0.last_name,r1_0.password,r1_0.role from messages_table sm1_0 left join users_table r1_0 on r1_0.id=sm1_0.receiver_id left join favourites_table fl1_0 on fl1_0.id=r1_0.favourite_id where sm1_0.sender_id=?
Hibernate: select a1_0.user_id,a1_0.id,c1_0.id,c1_0.category_name,a1_0.date,a1_0.description,a1_0.discount,a1_0.imageurl,a1_0.new_price,a1_0.price,a1_0.title from announces_table a1_0 left join categories_table c1_0 on c1_0.id=a1_0.category_id where a1_0.user_id=?
Hibernate: select rm1_0.receiver_id,rm1_0.id,rm1_0.date,rm1_0.msg,s1_0.id,s1_0.email,fl1_0.id,fl1_0.total,s1_0.first_name,s1_0.last_name,s1_0.password,s1_0.role from messages_table rm1_0 left join users_table s1_0 on s1_0.id=rm1_0.sender_id left join favourites_table fl1_0 on fl1_0.id=s1_0.favourite_id where rm1_0.receiver_id=?
Hibernate: select sm1_0.sender_id,sm1_0.id,sm1_0.date,sm1_0.msg,r1_0.id,r1_0.email,fl1_0.id,fl1_0.total,r1_0.first_name,r1_0.last_name,r1_0.password,r1_0.role from messages_table sm1_0 left join users_table r1_0 on r1_0.id=sm1_0.receiver_id left join favourites_table fl1_0 on fl1_0.id=r1_0.favourite_id where sm1_0.sender_id=?
Hibernate: delete from favourite_announcement where favourite_id=?
Hibernate: delete from favourite_announcement where favourite_id=?
Hibernate: delete from favourite_announcement where favourite_id=?
Hibernate: delete from favourite_announcement where favourite_id=?
Hibernate: delete from favourite_announcement where favourite_id=?
Hibernate: delete from favourite_announcement where favourite_id=?
Hibernate: delete from favourite_announcement where favourite_id=?
Hibernate: delete from announces_table where id=?
Hibernate: delete from announces_table where id=?
Hibernate: delete from messages_table where id=?
Hibernate: delete from messages_table where id=?
Hibernate: delete from users_table where id=?
Hibernate: delete from favourites_table where id=?
Hibernate: delete from announces_table where id=?
Hibernate: delete from announces_table where id=?
Hibernate: delete from messages_table where id=?
Hibernate: delete from messages_table where id=?
Hibernate: delete from messages_table where id=?
Hibernate: delete from messages_table where id=?
Hibernate: delete from messages_table where id=?
Hibernate: delete from users_table where id=?
Hibernate: delete from favourites_table where id=?
Hibernate: delete from announces_table where id=?
Hibernate: delete from announces_table where id=?
Hibernate: delete from announces_table where id=?
Hibernate: delete from users_table where id=?
Hibernate: delete from favourites_table where id=?
Hibernate: delete from users_table where id=?
Hibernate: delete from favourites_table where id=?
Hibernate: delete from users_table where id=?
Hibernate: delete from favourites_table where id=?
Hibernate: delete from users_table where id=?
Hibernate: delete from favourites_table where id=?
Hibernate: delete from users_table where id=?
Hibernate: delete from favourites_table where id=?
Hibernate: delete from users_table where id=?
Hibernate: select f1_0.id,f1_0.total from favourites_table f1_0
Hibernate: select u1_0.id from users_table u1_0 where upper(u1_0.email)=upper(?) fetch first ? rows only
Hibernate: insert into users_table (email,favourite_id,first_name,last_name,password,role,id) values (?,?,?,?,?,?,?)
Hibernate: insert into favourites_table (total,id) values (?,?)
Hibernate: update users_table set email=?,favourite_id=?,first_name=?,last_name=?,password=?,role=? where id=?
Hibernate: select u1_0.id from users_table u1_0 where upper(u1_0.email)=upper(?) fetch first ? rows only
Hibernate: insert into users_table (email,favourite_id,first_name,last_name,password,role,id) values (?,?,?,?,?,?,?)
Hibernate: insert into favourites_table (total,id) values (?,?)
Hibernate: update users_table set email=?,favourite_id=?,first_name=?,last_name=?,password=?,role=? where id=?
Hibernate: select u1_0.id,u1_0.email,u1_0.favourite_id,u1_0.first_name,u1_0.last_name,u1_0.password,u1_0.role from users_table u1_0
User{id='2fe0841a-b395-4e3d-8082-83828d80622d', firstName='Andrei', lastName='Pop', favouriteList=4fffbbcf-9f30-45e6-952d-7c7feb94f032}
User{id='be42d49a-9a09-4f80-81d1-83aacb70262e', firstName='Ana', lastName='Moldovan', favouriteList=1892c12c-2242-4cf8-889d-14ab1c008451}
Hibernate: insert into categories_table (category_name,id) values (?,?)
Hibernate: select c1_0.id,c1_0.category_name from categories_table c1_0
Hibernate: select a1_0.category_id,a1_0.id,a1_0.date,a1_0.description,a1_0.discount,a1_0.imageurl,a1_0.new_price,a1_0.price,a1_0.title,u1_0.id,u1_0.email,fl1_0.id,fl1_0.total,u1_0.first_name,u1_0.last_name,u1_0.password,u1_0.role from announces_table a1_0 left join users_table u1_0 on u1_0.id=a1_0.user_id left join favourites_table fl1_0 on fl1_0.id=u1_0.favourite_id where a1_0.category_id=?
Hibernate: select a1_0.category_id,a1_0.id,a1_0.date,a1_0.description,a1_0.discount,a1_0.imageurl,a1_0.new_price,a1_0.price,a1_0.title,u1_0.id,u1_0.email,fl1_0.id,fl1_0.total,u1_0.first_name,u1_0.last_name,u1_0.password,u1_0.role from announces_table a1_0 left join users_table u1_0 on u1_0.id=a1_0.user_id left join favourites_table fl1_0 on fl1_0.id=u1_0.favourite_id where a1_0.category_id=?
Hibernate: select a1_0.category_id,a1_0.id,a1_0.date,a1_0.description,a1_0.discount,a1_0.imageurl,a1_0.new_price,a1_0.price,a1_0.title,u1_0.id,u1_0.email,fl1_0.id,fl1_0.total,u1_0.first_name,u1_0.last_name,u1_0.password,u1_0.role from announces_table a1_0 left join users_table u1_0 on u1_0.id=a1_0.user_id left join favourites_table fl1_0 on fl1_0.id=u1_0.favourite_id where a1_0.category_id=?
Hibernate: select a1_0.category_id,a1_0.id,a1_0.date,a1_0.description,a1_0.discount,a1_0.imageurl,a1_0.new_price,a1_0.price,a1_0.title,u1_0.id,u1_0.email,fl1_0.id,fl1_0.total,u1_0.first_name,u1_0.last_name,u1_0.password,u1_0.role from announces_table a1_0 left join users_table u1_0 on u1_0.id=a1_0.user_id left join favourites_table fl1_0 on fl1_0.id=u1_0.favourite_id where a1_0.category_id=?
Hibernate: select a1_0.category_id,a1_0.id,a1_0.date,a1_0.description,a1_0.discount,a1_0.imageurl,a1_0.new_price,a1_0.price,a1_0.title,u1_0.id,u1_0.email,fl1_0.id,fl1_0.total,u1_0.first_name,u1_0.last_name,u1_0.password,u1_0.role from announces_table a1_0 left join users_table u1_0 on u1_0.id=a1_0.user_id left join favourites_table fl1_0 on fl1_0.id=u1_0.favourite_id where a1_0.category_id=?
Hibernate: select a1_0.category_id,a1_0.id,a1_0.date,a1_0.description,a1_0.discount,a1_0.imageurl,a1_0.new_price,a1_0.price,a1_0.title,u1_0.id,u1_0.email,fl1_0.id,fl1_0.total,u1_0.first_name,u1_0.last_name,u1_0.password,u1_0.role from announces_table a1_0 left join users_table u1_0 on u1_0.id=a1_0.user_id left join favourites_table fl1_0 on fl1_0.id=u1_0.favourite_id where a1_0.category_id=?
Hibernate: select a1_0.category_id,a1_0.id,a1_0.date,a1_0.description,a1_0.discount,a1_0.imageurl,a1_0.new_price,a1_0.price,a1_0.title,u1_0.id,u1_0.email,fl1_0.id,fl1_0.total,u1_0.first_name,u1_0.last_name,u1_0.password,u1_0.role from announces_table a1_0 left join users_table u1_0 on u1_0.id=a1_0.user_id left join favourites_table fl1_0 on fl1_0.id=u1_0.favourite_id where a1_0.category_id=?
Hibernate: select a1_0.category_id,a1_0.id,a1_0.date,a1_0.description,a1_0.discount,a1_0.imageurl,a1_0.new_price,a1_0.price,a1_0.title,u1_0.id,u1_0.email,fl1_0.id,fl1_0.total,u1_0.first_name,u1_0.last_name,u1_0.password,u1_0.role from announces_table a1_0 left join users_table u1_0 on u1_0.id=a1_0.user_id left join favourites_table fl1_0 on fl1_0.id=u1_0.favourite_id where a1_0.category_id=?
Hibernate: insert into announces_table (category_id,date,description,discount,imageurl,new_price,price,title,user_id,id) values (?,?,?,?,?,?,?,?,?,?)
Hibernate: select a1_0.id,a1_0.category_id,a1_0.date,a1_0.description,a1_0.discount,a1_0.imageurl,a1_0.new_price,a1_0.price,a1_0.title,a1_0.user_id from announces_table a1_0 left join users_table u1_0 on u1_0.id=a1_0.user_id where u1_0.id=?
Hibernate: select f1_0.id,f1_0.total from favourites_table f1_0 left join users_table u1_0 on f1_0.id=u1_0.favourite_id where u1_0.id=?
Hibernate: update favourites_table set total=? where id=?
Hibernate: insert into favourite_announcement (favourite_id,announcement_id) values (?,?)
Hibernate: select f1_0.id,f1_0.total from favourites_table f1_0 left join users_table u1_0 on f1_0.id=u1_0.favourite_id where u1_0.id=?
Hibernate: select u1_0.id,u1_0.email,u1_0.favourite_id,u1_0.first_name,u1_0.last_name,u1_0.password,u1_0.role from users_table u1_0
User{id='2fe0841a-b395-4e3d-8082-83828d80622d', firstName='Andrei', lastName='Pop', favouriteList=4fffbbcf-9f30-45e6-952d-7c7feb94f032}
User{id='be42d49a-9a09-4f80-81d1-83aacb70262e', firstName='Ana', lastName='Moldovan', favouriteList=1892c12c-2242-4cf8-889d-14ab1c008451}
Hibernate: update favourites_table set total=? where id=?
Hibernate: delete from favourite_announcement where favourite_id=?
Hibernate: select f1_0.id,f1_0.total from favourites_table f1_0 left join users_table u1_0 on f1_0.id=u1_0.favourite_id where u1_0.id=?
1892c12c-2242-4cf8-889d-14ab1c008451
]]></system-out>
  </testcase>
  <testcase name="testSendMessage" classname="com.olxapplication.test.TestCase" time="0.13">
    <system-out><![CDATA[Hibernate: select u1_0.id,u1_0.email,u1_0.favourite_id,u1_0.first_name,u1_0.last_name,u1_0.password,u1_0.role from users_table u1_0
Hibernate: select f1_0.id,f1_0.total,u1_0.id,u1_0.email,u1_0.first_name,u1_0.last_name,u1_0.password,u1_0.role from favourites_table f1_0 left join users_table u1_0 on f1_0.id=u1_0.favourite_id where f1_0.id=?
Hibernate: select f1_0.id,f1_0.total,u1_0.id,u1_0.email,u1_0.first_name,u1_0.last_name,u1_0.password,u1_0.role from favourites_table f1_0 left join users_table u1_0 on f1_0.id=u1_0.favourite_id where f1_0.id=?
Hibernate: select f1_0.id,f1_0.total,u1_0.id,u1_0.email,u1_0.first_name,u1_0.last_name,u1_0.password,u1_0.role from favourites_table f1_0 left join users_table u1_0 on f1_0.id=u1_0.favourite_id where f1_0.id=?
Hibernate: select f1_0.id,f1_0.total,u1_0.id,u1_0.email,u1_0.first_name,u1_0.last_name,u1_0.password,u1_0.role from favourites_table f1_0 left join users_table u1_0 on f1_0.id=u1_0.favourite_id where f1_0.id=?
Hibernate: select f1_0.id,f1_0.total,u1_0.id,u1_0.email,u1_0.first_name,u1_0.last_name,u1_0.password,u1_0.role from favourites_table f1_0 left join users_table u1_0 on f1_0.id=u1_0.favourite_id where f1_0.id=?
Hibernate: select f1_0.id,f1_0.total,u1_0.id,u1_0.email,u1_0.first_name,u1_0.last_name,u1_0.password,u1_0.role from favourites_table f1_0 left join users_table u1_0 on f1_0.id=u1_0.favourite_id where f1_0.id=?
Hibernate: select f1_0.id,f1_0.total,u1_0.id,u1_0.email,u1_0.first_name,u1_0.last_name,u1_0.password,u1_0.role from favourites_table f1_0 left join users_table u1_0 on f1_0.id=u1_0.favourite_id where f1_0.id=?
Hibernate: select a1_0.user_id,a1_0.id,c1_0.id,c1_0.category_name,a1_0.date,a1_0.description,a1_0.discount,a1_0.imageurl,a1_0.new_price,a1_0.price,a1_0.title from announces_table a1_0 left join categories_table c1_0 on c1_0.id=a1_0.category_id where a1_0.user_id=?
Hibernate: select f1_0.announcement_id,f1_1.id,f1_1.total,u1_0.id,u1_0.email,u1_0.first_name,u1_0.last_name,u1_0.password,u1_0.role from favourite_announcement f1_0 join favourites_table f1_1 on f1_1.id=f1_0.favourite_id left join users_table u1_0 on f1_1.id=u1_0.favourite_id where f1_0.announcement_id=?
Hibernate: select f1_0.announcement_id,f1_1.id,f1_1.total,u1_0.id,u1_0.email,u1_0.first_name,u1_0.last_name,u1_0.password,u1_0.role from favourite_announcement f1_0 join favourites_table f1_1 on f1_1.id=f1_0.favourite_id left join users_table u1_0 on f1_1.id=u1_0.favourite_id where f1_0.announcement_id=?
Hibernate: select fa1_0.favourite_id,fa1_1.id,c1_0.id,c1_0.category_name,fa1_1.date,fa1_1.description,fa1_1.discount,fa1_1.imageurl,fa1_1.new_price,fa1_1.price,fa1_1.title,u1_0.id,u1_0.email,fl1_0.id,fl1_0.total,u1_0.first_name,u1_0.last_name,u1_0.password,u1_0.role from favourite_announcement fa1_0 join announces_table fa1_1 on fa1_1.id=fa1_0.announcement_id left join categories_table c1_0 on c1_0.id=fa1_1.category_id left join users_table u1_0 on u1_0.id=fa1_1.user_id left join favourites_table fl1_0 on fl1_0.id=u1_0.favourite_id where fa1_0.favourite_id=?
Hibernate: select fa1_0.favourite_id,fa1_1.id,c1_0.id,c1_0.category_name,fa1_1.date,fa1_1.description,fa1_1.discount,fa1_1.imageurl,fa1_1.new_price,fa1_1.price,fa1_1.title,u1_0.id,u1_0.email,fl1_0.id,fl1_0.total,u1_0.first_name,u1_0.last_name,u1_0.password,u1_0.role from favourite_announcement fa1_0 join announces_table fa1_1 on fa1_1.id=fa1_0.announcement_id left join categories_table c1_0 on c1_0.id=fa1_1.category_id left join users_table u1_0 on u1_0.id=fa1_1.user_id left join favourites_table fl1_0 on fl1_0.id=u1_0.favourite_id where fa1_0.favourite_id=?
Hibernate: select rm1_0.receiver_id,rm1_0.id,rm1_0.date,rm1_0.msg,s1_0.id,s1_0.email,fl1_0.id,fl1_0.total,s1_0.first_name,s1_0.last_name,s1_0.password,s1_0.role from messages_table rm1_0 left join users_table s1_0 on s1_0.id=rm1_0.sender_id left join favourites_table fl1_0 on fl1_0.id=s1_0.favourite_id where rm1_0.receiver_id=?
Hibernate: select sm1_0.sender_id,sm1_0.id,sm1_0.date,sm1_0.msg,r1_0.id,r1_0.email,fl1_0.id,fl1_0.total,r1_0.first_name,r1_0.last_name,r1_0.password,r1_0.role from messages_table sm1_0 left join users_table r1_0 on r1_0.id=sm1_0.receiver_id left join favourites_table fl1_0 on fl1_0.id=r1_0.favourite_id where sm1_0.sender_id=?
Hibernate: select a1_0.user_id,a1_0.id,c1_0.id,c1_0.category_name,a1_0.date,a1_0.description,a1_0.discount,a1_0.imageurl,a1_0.new_price,a1_0.price,a1_0.title from announces_table a1_0 left join categories_table c1_0 on c1_0.id=a1_0.category_id where a1_0.user_id=?
Hibernate: select f1_0.announcement_id,f1_1.id,f1_1.total,u1_0.id,u1_0.email,u1_0.first_name,u1_0.last_name,u1_0.password,u1_0.role from favourite_announcement f1_0 join favourites_table f1_1 on f1_1.id=f1_0.favourite_id left join users_table u1_0 on f1_1.id=u1_0.favourite_id where f1_0.announcement_id=?
Hibernate: select fa1_0.favourite_id,fa1_1.id,c1_0.id,c1_0.category_name,fa1_1.date,fa1_1.description,fa1_1.discount,fa1_1.imageurl,fa1_1.new_price,fa1_1.price,fa1_1.title,u1_0.id,u1_0.email,fl1_0.id,fl1_0.total,u1_0.first_name,u1_0.last_name,u1_0.password,u1_0.role from favourite_announcement fa1_0 join announces_table fa1_1 on fa1_1.id=fa1_0.announcement_id left join categories_table c1_0 on c1_0.id=fa1_1.category_id left join users_table u1_0 on u1_0.id=fa1_1.user_id left join favourites_table fl1_0 on fl1_0.id=u1_0.favourite_id where fa1_0.favourite_id=?
Hibernate: select f1_0.announcement_id,f1_1.id,f1_1.total,u1_0.id,u1_0.email,u1_0.first_name,u1_0.last_name,u1_0.password,u1_0.role from favourite_announcement f1_0 join favourites_table f1_1 on f1_1.id=f1_0.favourite_id left join users_table u1_0 on f1_1.id=u1_0.favourite_id where f1_0.announcement_id=?
Hibernate: select rm1_0.receiver_id,rm1_0.id,rm1_0.date,rm1_0.msg,s1_0.id,s1_0.email,fl1_0.id,fl1_0.total,s1_0.first_name,s1_0.last_name,s1_0.password,s1_0.role from messages_table rm1_0 left join users_table s1_0 on s1_0.id=rm1_0.sender_id left join favourites_table fl1_0 on fl1_0.id=s1_0.favourite_id where rm1_0.receiver_id=?
Hibernate: select sm1_0.sender_id,sm1_0.id,sm1_0.date,sm1_0.msg,r1_0.id,r1_0.email,fl1_0.id,fl1_0.total,r1_0.first_name,r1_0.last_name,r1_0.password,r1_0.role from messages_table sm1_0 left join users_table r1_0 on r1_0.id=sm1_0.receiver_id left join favourites_table fl1_0 on fl1_0.id=r1_0.favourite_id where sm1_0.sender_id=?
Hibernate: select a1_0.user_id,a1_0.id,c1_0.id,c1_0.category_name,a1_0.date,a1_0.description,a1_0.discount,a1_0.imageurl,a1_0.new_price,a1_0.price,a1_0.title from announces_table a1_0 left join categories_table c1_0 on c1_0.id=a1_0.category_id where a1_0.user_id=?
Hibernate: select f1_0.announcement_id,f1_1.id,f1_1.total,u1_0.id,u1_0.email,u1_0.first_name,u1_0.last_name,u1_0.password,u1_0.role from favourite_announcement f1_0 join favourites_table f1_1 on f1_1.id=f1_0.favourite_id left join users_table u1_0 on f1_1.id=u1_0.favourite_id where f1_0.announcement_id=?
Hibernate: select f1_0.announcement_id,f1_1.id,f1_1.total,u1_0.id,u1_0.email,u1_0.first_name,u1_0.last_name,u1_0.password,u1_0.role from favourite_announcement f1_0 join favourites_table f1_1 on f1_1.id=f1_0.favourite_id left join users_table u1_0 on f1_1.id=u1_0.favourite_id where f1_0.announcement_id=?
Hibernate: select f1_0.announcement_id,f1_1.id,f1_1.total,u1_0.id,u1_0.email,u1_0.first_name,u1_0.last_name,u1_0.password,u1_0.role from favourite_announcement f1_0 join favourites_table f1_1 on f1_1.id=f1_0.favourite_id left join users_table u1_0 on f1_1.id=u1_0.favourite_id where f1_0.announcement_id=?
Hibernate: select rm1_0.receiver_id,rm1_0.id,rm1_0.date,rm1_0.msg,s1_0.id,s1_0.email,fl1_0.id,fl1_0.total,s1_0.first_name,s1_0.last_name,s1_0.password,s1_0.role from messages_table rm1_0 left join users_table s1_0 on s1_0.id=rm1_0.sender_id left join favourites_table fl1_0 on fl1_0.id=s1_0.favourite_id where rm1_0.receiver_id=?
Hibernate: select sm1_0.sender_id,sm1_0.id,sm1_0.date,sm1_0.msg,r1_0.id,r1_0.email,fl1_0.id,fl1_0.total,r1_0.first_name,r1_0.last_name,r1_0.password,r1_0.role from messages_table sm1_0 left join users_table r1_0 on r1_0.id=sm1_0.receiver_id left join favourites_table fl1_0 on fl1_0.id=r1_0.favourite_id where sm1_0.sender_id=?
Hibernate: select a1_0.user_id,a1_0.id,c1_0.id,c1_0.category_name,a1_0.date,a1_0.description,a1_0.discount,a1_0.imageurl,a1_0.new_price,a1_0.price,a1_0.title from announces_table a1_0 left join categories_table c1_0 on c1_0.id=a1_0.category_id where a1_0.user_id=?
Hibernate: select rm1_0.receiver_id,rm1_0.id,rm1_0.date,rm1_0.msg,s1_0.id,s1_0.email,fl1_0.id,fl1_0.total,s1_0.first_name,s1_0.last_name,s1_0.password,s1_0.role from messages_table rm1_0 left join users_table s1_0 on s1_0.id=rm1_0.sender_id left join favourites_table fl1_0 on fl1_0.id=s1_0.favourite_id where rm1_0.receiver_id=?
Hibernate: select sm1_0.sender_id,sm1_0.id,sm1_0.date,sm1_0.msg,r1_0.id,r1_0.email,fl1_0.id,fl1_0.total,r1_0.first_name,r1_0.last_name,r1_0.password,r1_0.role from messages_table sm1_0 left join users_table r1_0 on r1_0.id=sm1_0.receiver_id left join favourites_table fl1_0 on fl1_0.id=r1_0.favourite_id where sm1_0.sender_id=?
Hibernate: select a1_0.user_id,a1_0.id,c1_0.id,c1_0.category_name,a1_0.date,a1_0.description,a1_0.discount,a1_0.imageurl,a1_0.new_price,a1_0.price,a1_0.title from announces_table a1_0 left join categories_table c1_0 on c1_0.id=a1_0.category_id where a1_0.user_id=?
Hibernate: select rm1_0.receiver_id,rm1_0.id,rm1_0.date,rm1_0.msg,s1_0.id,s1_0.email,fl1_0.id,fl1_0.total,s1_0.first_name,s1_0.last_name,s1_0.password,s1_0.role from messages_table rm1_0 left join users_table s1_0 on s1_0.id=rm1_0.sender_id left join favourites_table fl1_0 on fl1_0.id=s1_0.favourite_id where rm1_0.receiver_id=?
Hibernate: select sm1_0.sender_id,sm1_0.id,sm1_0.date,sm1_0.msg,r1_0.id,r1_0.email,fl1_0.id,fl1_0.total,r1_0.first_name,r1_0.last_name,r1_0.password,r1_0.role from messages_table sm1_0 left join users_table r1_0 on r1_0.id=sm1_0.receiver_id left join favourites_table fl1_0 on fl1_0.id=r1_0.favourite_id where sm1_0.sender_id=?
Hibernate: select a1_0.user_id,a1_0.id,c1_0.id,c1_0.category_name,a1_0.date,a1_0.description,a1_0.discount,a1_0.imageurl,a1_0.new_price,a1_0.price,a1_0.title from announces_table a1_0 left join categories_table c1_0 on c1_0.id=a1_0.category_id where a1_0.user_id=?
Hibernate: select rm1_0.receiver_id,rm1_0.id,rm1_0.date,rm1_0.msg,s1_0.id,s1_0.email,fl1_0.id,fl1_0.total,s1_0.first_name,s1_0.last_name,s1_0.password,s1_0.role from messages_table rm1_0 left join users_table s1_0 on s1_0.id=rm1_0.sender_id left join favourites_table fl1_0 on fl1_0.id=s1_0.favourite_id where rm1_0.receiver_id=?
Hibernate: select sm1_0.sender_id,sm1_0.id,sm1_0.date,sm1_0.msg,r1_0.id,r1_0.email,fl1_0.id,fl1_0.total,r1_0.first_name,r1_0.last_name,r1_0.password,r1_0.role from messages_table sm1_0 left join users_table r1_0 on r1_0.id=sm1_0.receiver_id left join favourites_table fl1_0 on fl1_0.id=r1_0.favourite_id where sm1_0.sender_id=?
Hibernate: select a1_0.user_id,a1_0.id,c1_0.id,c1_0.category_name,a1_0.date,a1_0.description,a1_0.discount,a1_0.imageurl,a1_0.new_price,a1_0.price,a1_0.title from announces_table a1_0 left join categories_table c1_0 on c1_0.id=a1_0.category_id where a1_0.user_id=?
Hibernate: select rm1_0.receiver_id,rm1_0.id,rm1_0.date,rm1_0.msg,s1_0.id,s1_0.email,fl1_0.id,fl1_0.total,s1_0.first_name,s1_0.last_name,s1_0.password,s1_0.role from messages_table rm1_0 left join users_table s1_0 on s1_0.id=rm1_0.sender_id left join favourites_table fl1_0 on fl1_0.id=s1_0.favourite_id where rm1_0.receiver_id=?
Hibernate: select sm1_0.sender_id,sm1_0.id,sm1_0.date,sm1_0.msg,r1_0.id,r1_0.email,fl1_0.id,fl1_0.total,r1_0.first_name,r1_0.last_name,r1_0.password,r1_0.role from messages_table sm1_0 left join users_table r1_0 on r1_0.id=sm1_0.receiver_id left join favourites_table fl1_0 on fl1_0.id=r1_0.favourite_id where sm1_0.sender_id=?
Hibernate: select a1_0.user_id,a1_0.id,c1_0.id,c1_0.category_name,a1_0.date,a1_0.description,a1_0.discount,a1_0.imageurl,a1_0.new_price,a1_0.price,a1_0.title from announces_table a1_0 left join categories_table c1_0 on c1_0.id=a1_0.category_id where a1_0.user_id=?
Hibernate: select rm1_0.receiver_id,rm1_0.id,rm1_0.date,rm1_0.msg,s1_0.id,s1_0.email,fl1_0.id,fl1_0.total,s1_0.first_name,s1_0.last_name,s1_0.password,s1_0.role from messages_table rm1_0 left join users_table s1_0 on s1_0.id=rm1_0.sender_id left join favourites_table fl1_0 on fl1_0.id=s1_0.favourite_id where rm1_0.receiver_id=?
Hibernate: select sm1_0.sender_id,sm1_0.id,sm1_0.date,sm1_0.msg,r1_0.id,r1_0.email,fl1_0.id,fl1_0.total,r1_0.first_name,r1_0.last_name,r1_0.password,r1_0.role from messages_table sm1_0 left join users_table r1_0 on r1_0.id=sm1_0.receiver_id left join favourites_table fl1_0 on fl1_0.id=r1_0.favourite_id where sm1_0.sender_id=?
Hibernate: delete from favourite_announcement where favourite_id=?
Hibernate: delete from favourite_announcement where favourite_id=?
Hibernate: delete from favourite_announcement where favourite_id=?
Hibernate: delete from favourite_announcement where favourite_id=?
Hibernate: delete from favourite_announcement where favourite_id=?
Hibernate: delete from favourite_announcement where favourite_id=?
Hibernate: delete from favourite_announcement where favourite_id=?
Hibernate: delete from announces_table where id=?
Hibernate: delete from announces_table where id=?
Hibernate: delete from messages_table where id=?
Hibernate: delete from messages_table where id=?
Hibernate: delete from users_table where id=?
Hibernate: delete from favourites_table where id=?
Hibernate: delete from announces_table where id=?
Hibernate: delete from announces_table where id=?
Hibernate: delete from messages_table where id=?
Hibernate: delete from messages_table where id=?
Hibernate: delete from messages_table where id=?
Hibernate: delete from messages_table where id=?
Hibernate: delete from messages_table where id=?
Hibernate: delete from users_table where id=?
Hibernate: delete from favourites_table where id=?
Hibernate: delete from announces_table where id=?
Hibernate: delete from announces_table where id=?
Hibernate: delete from announces_table where id=?
Hibernate: delete from users_table where id=?
Hibernate: delete from favourites_table where id=?
Hibernate: delete from users_table where id=?
Hibernate: delete from favourites_table where id=?
Hibernate: delete from users_table where id=?
Hibernate: delete from favourites_table where id=?
Hibernate: delete from users_table where id=?
Hibernate: delete from favourites_table where id=?
Hibernate: delete from users_table where id=?
Hibernate: delete from favourites_table where id=?
Hibernate: delete from users_table where id=?
Hibernate: select f1_0.id,f1_0.total from favourites_table f1_0
Hibernate: select u1_0.id from users_table u1_0 where upper(u1_0.email)=upper(?) fetch first ? rows only
Hibernate: insert into users_table (email,favourite_id,first_name,last_name,password,role,id) values (?,?,?,?,?,?,?)
Hibernate: insert into favourites_table (total,id) values (?,?)
Hibernate: update users_table set email=?,favourite_id=?,first_name=?,last_name=?,password=?,role=? where id=?
Hibernate: select u1_0.id from users_table u1_0 where upper(u1_0.email)=upper(?) fetch first ? rows only
Hibernate: insert into users_table (email,favourite_id,first_name,last_name,password,role,id) values (?,?,?,?,?,?,?)
Hibernate: insert into favourites_table (total,id) values (?,?)
Hibernate: update users_table set email=?,favourite_id=?,first_name=?,last_name=?,password=?,role=? where id=?
Hibernate: select u1_0.id,u1_0.email,u1_0.favourite_id,u1_0.first_name,u1_0.last_name,u1_0.password,u1_0.role from users_table u1_0
Hibernate: select u1_0.id,u1_0.email,u1_0.favourite_id,u1_0.first_name,u1_0.last_name,u1_0.password,u1_0.role from users_table u1_0
User{id='875cd094-cc47-4c3f-b7f1-c1caadd6792b', firstName='Andrei', lastName='Pop', favouriteList=3331a9b3-8af4-4703-b05b-e718eccb4d32}
User{id='8b520f9f-83a6-4089-b2e0-f94fbe1e5703', firstName='Ana', lastName='Moldovan', favouriteList=a146960e-7082-4633-8f66-424b733528bf}
Hibernate: insert into messages_table (date,msg,receiver_id,sender_id,id) values (?,?,?,?,?)
Hibernate: select m1_0.id,m1_0.date,m1_0.msg,m1_0.receiver_id,m1_0.sender_id from messages_table m1_0 left join users_table s1_0 on s1_0.id=m1_0.sender_id left join users_table r1_0 on r1_0.id=m1_0.receiver_id where s1_0.id=? and r1_0.id=?
Hibernate: select m1_0.id,m1_0.date,m1_0.msg,m1_0.receiver_id,m1_0.sender_id from messages_table m1_0 left join users_table s1_0 on s1_0.id=m1_0.sender_id left join users_table r1_0 on r1_0.id=m1_0.receiver_id where s1_0.id=? and r1_0.id=?
Message{id='44d04b63-ba11-44f6-8f16-2078e2afdf62', msg='Hello World', sender=875cd094-cc47-4c3f-b7f1-c1caadd6792b, receiver=8b520f9f-83a6-4089-b2e0-f94fbe1e5703, date=2024-07-24T15:24:01.780721700}
]]></system-out>
  </testcase>
  <testcase name="testAddToFavourite" classname="com.olxapplication.test.TestCase" time="0.136">
    <system-out><![CDATA[Hibernate: select u1_0.id,u1_0.email,u1_0.favourite_id,u1_0.first_name,u1_0.last_name,u1_0.password,u1_0.role from users_table u1_0
Hibernate: select f1_0.id,f1_0.total,u1_0.id,u1_0.email,u1_0.first_name,u1_0.last_name,u1_0.password,u1_0.role from favourites_table f1_0 left join users_table u1_0 on f1_0.id=u1_0.favourite_id where f1_0.id=?
Hibernate: select f1_0.id,f1_0.total,u1_0.id,u1_0.email,u1_0.first_name,u1_0.last_name,u1_0.password,u1_0.role from favourites_table f1_0 left join users_table u1_0 on f1_0.id=u1_0.favourite_id where f1_0.id=?
Hibernate: select f1_0.id,f1_0.total,u1_0.id,u1_0.email,u1_0.first_name,u1_0.last_name,u1_0.password,u1_0.role from favourites_table f1_0 left join users_table u1_0 on f1_0.id=u1_0.favourite_id where f1_0.id=?
Hibernate: select f1_0.id,f1_0.total,u1_0.id,u1_0.email,u1_0.first_name,u1_0.last_name,u1_0.password,u1_0.role from favourites_table f1_0 left join users_table u1_0 on f1_0.id=u1_0.favourite_id where f1_0.id=?
Hibernate: select f1_0.id,f1_0.total,u1_0.id,u1_0.email,u1_0.first_name,u1_0.last_name,u1_0.password,u1_0.role from favourites_table f1_0 left join users_table u1_0 on f1_0.id=u1_0.favourite_id where f1_0.id=?
Hibernate: select f1_0.id,f1_0.total,u1_0.id,u1_0.email,u1_0.first_name,u1_0.last_name,u1_0.password,u1_0.role from favourites_table f1_0 left join users_table u1_0 on f1_0.id=u1_0.favourite_id where f1_0.id=?
Hibernate: select f1_0.id,f1_0.total,u1_0.id,u1_0.email,u1_0.first_name,u1_0.last_name,u1_0.password,u1_0.role from favourites_table f1_0 left join users_table u1_0 on f1_0.id=u1_0.favourite_id where f1_0.id=?
Hibernate: select a1_0.user_id,a1_0.id,c1_0.id,c1_0.category_name,a1_0.date,a1_0.description,a1_0.discount,a1_0.imageurl,a1_0.new_price,a1_0.price,a1_0.title from announces_table a1_0 left join categories_table c1_0 on c1_0.id=a1_0.category_id where a1_0.user_id=?
Hibernate: select f1_0.announcement_id,f1_1.id,f1_1.total,u1_0.id,u1_0.email,u1_0.first_name,u1_0.last_name,u1_0.password,u1_0.role from favourite_announcement f1_0 join favourites_table f1_1 on f1_1.id=f1_0.favourite_id left join users_table u1_0 on f1_1.id=u1_0.favourite_id where f1_0.announcement_id=?
Hibernate: select f1_0.announcement_id,f1_1.id,f1_1.total,u1_0.id,u1_0.email,u1_0.first_name,u1_0.last_name,u1_0.password,u1_0.role from favourite_announcement f1_0 join favourites_table f1_1 on f1_1.id=f1_0.favourite_id left join users_table u1_0 on f1_1.id=u1_0.favourite_id where f1_0.announcement_id=?
Hibernate: select fa1_0.favourite_id,fa1_1.id,c1_0.id,c1_0.category_name,fa1_1.date,fa1_1.description,fa1_1.discount,fa1_1.imageurl,fa1_1.new_price,fa1_1.price,fa1_1.title,u1_0.id,u1_0.email,fl1_0.id,fl1_0.total,u1_0.first_name,u1_0.last_name,u1_0.password,u1_0.role from favourite_announcement fa1_0 join announces_table fa1_1 on fa1_1.id=fa1_0.announcement_id left join categories_table c1_0 on c1_0.id=fa1_1.category_id left join users_table u1_0 on u1_0.id=fa1_1.user_id left join favourites_table fl1_0 on fl1_0.id=u1_0.favourite_id where fa1_0.favourite_id=?
Hibernate: select fa1_0.favourite_id,fa1_1.id,c1_0.id,c1_0.category_name,fa1_1.date,fa1_1.description,fa1_1.discount,fa1_1.imageurl,fa1_1.new_price,fa1_1.price,fa1_1.title,u1_0.id,u1_0.email,fl1_0.id,fl1_0.total,u1_0.first_name,u1_0.last_name,u1_0.password,u1_0.role from favourite_announcement fa1_0 join announces_table fa1_1 on fa1_1.id=fa1_0.announcement_id left join categories_table c1_0 on c1_0.id=fa1_1.category_id left join users_table u1_0 on u1_0.id=fa1_1.user_id left join favourites_table fl1_0 on fl1_0.id=u1_0.favourite_id where fa1_0.favourite_id=?
Hibernate: select rm1_0.receiver_id,rm1_0.id,rm1_0.date,rm1_0.msg,s1_0.id,s1_0.email,fl1_0.id,fl1_0.total,s1_0.first_name,s1_0.last_name,s1_0.password,s1_0.role from messages_table rm1_0 left join users_table s1_0 on s1_0.id=rm1_0.sender_id left join favourites_table fl1_0 on fl1_0.id=s1_0.favourite_id where rm1_0.receiver_id=?
Hibernate: select sm1_0.sender_id,sm1_0.id,sm1_0.date,sm1_0.msg,r1_0.id,r1_0.email,fl1_0.id,fl1_0.total,r1_0.first_name,r1_0.last_name,r1_0.password,r1_0.role from messages_table sm1_0 left join users_table r1_0 on r1_0.id=sm1_0.receiver_id left join favourites_table fl1_0 on fl1_0.id=r1_0.favourite_id where sm1_0.sender_id=?
Hibernate: select a1_0.user_id,a1_0.id,c1_0.id,c1_0.category_name,a1_0.date,a1_0.description,a1_0.discount,a1_0.imageurl,a1_0.new_price,a1_0.price,a1_0.title from announces_table a1_0 left join categories_table c1_0 on c1_0.id=a1_0.category_id where a1_0.user_id=?
Hibernate: select f1_0.announcement_id,f1_1.id,f1_1.total,u1_0.id,u1_0.email,u1_0.first_name,u1_0.last_name,u1_0.password,u1_0.role from favourite_announcement f1_0 join favourites_table f1_1 on f1_1.id=f1_0.favourite_id left join users_table u1_0 on f1_1.id=u1_0.favourite_id where f1_0.announcement_id=?
Hibernate: select fa1_0.favourite_id,fa1_1.id,c1_0.id,c1_0.category_name,fa1_1.date,fa1_1.description,fa1_1.discount,fa1_1.imageurl,fa1_1.new_price,fa1_1.price,fa1_1.title,u1_0.id,u1_0.email,fl1_0.id,fl1_0.total,u1_0.first_name,u1_0.last_name,u1_0.password,u1_0.role from favourite_announcement fa1_0 join announces_table fa1_1 on fa1_1.id=fa1_0.announcement_id left join categories_table c1_0 on c1_0.id=fa1_1.category_id left join users_table u1_0 on u1_0.id=fa1_1.user_id left join favourites_table fl1_0 on fl1_0.id=u1_0.favourite_id where fa1_0.favourite_id=?
Hibernate: select f1_0.announcement_id,f1_1.id,f1_1.total,u1_0.id,u1_0.email,u1_0.first_name,u1_0.last_name,u1_0.password,u1_0.role from favourite_announcement f1_0 join favourites_table f1_1 on f1_1.id=f1_0.favourite_id left join users_table u1_0 on f1_1.id=u1_0.favourite_id where f1_0.announcement_id=?
Hibernate: select rm1_0.receiver_id,rm1_0.id,rm1_0.date,rm1_0.msg,s1_0.id,s1_0.email,fl1_0.id,fl1_0.total,s1_0.first_name,s1_0.last_name,s1_0.password,s1_0.role from messages_table rm1_0 left join users_table s1_0 on s1_0.id=rm1_0.sender_id left join favourites_table fl1_0 on fl1_0.id=s1_0.favourite_id where rm1_0.receiver_id=?
Hibernate: select sm1_0.sender_id,sm1_0.id,sm1_0.date,sm1_0.msg,r1_0.id,r1_0.email,fl1_0.id,fl1_0.total,r1_0.first_name,r1_0.last_name,r1_0.password,r1_0.role from messages_table sm1_0 left join users_table r1_0 on r1_0.id=sm1_0.receiver_id left join favourites_table fl1_0 on fl1_0.id=r1_0.favourite_id where sm1_0.sender_id=?
Hibernate: select a1_0.user_id,a1_0.id,c1_0.id,c1_0.category_name,a1_0.date,a1_0.description,a1_0.discount,a1_0.imageurl,a1_0.new_price,a1_0.price,a1_0.title from announces_table a1_0 left join categories_table c1_0 on c1_0.id=a1_0.category_id where a1_0.user_id=?
Hibernate: select f1_0.announcement_id,f1_1.id,f1_1.total,u1_0.id,u1_0.email,u1_0.first_name,u1_0.last_name,u1_0.password,u1_0.role from favourite_announcement f1_0 join favourites_table f1_1 on f1_1.id=f1_0.favourite_id left join users_table u1_0 on f1_1.id=u1_0.favourite_id where f1_0.announcement_id=?
Hibernate: select f1_0.announcement_id,f1_1.id,f1_1.total,u1_0.id,u1_0.email,u1_0.first_name,u1_0.last_name,u1_0.password,u1_0.role from favourite_announcement f1_0 join favourites_table f1_1 on f1_1.id=f1_0.favourite_id left join users_table u1_0 on f1_1.id=u1_0.favourite_id where f1_0.announcement_id=?
Hibernate: select f1_0.announcement_id,f1_1.id,f1_1.total,u1_0.id,u1_0.email,u1_0.first_name,u1_0.last_name,u1_0.password,u1_0.role from favourite_announcement f1_0 join favourites_table f1_1 on f1_1.id=f1_0.favourite_id left join users_table u1_0 on f1_1.id=u1_0.favourite_id where f1_0.announcement_id=?
Hibernate: select rm1_0.receiver_id,rm1_0.id,rm1_0.date,rm1_0.msg,s1_0.id,s1_0.email,fl1_0.id,fl1_0.total,s1_0.first_name,s1_0.last_name,s1_0.password,s1_0.role from messages_table rm1_0 left join users_table s1_0 on s1_0.id=rm1_0.sender_id left join favourites_table fl1_0 on fl1_0.id=s1_0.favourite_id where rm1_0.receiver_id=?
Hibernate: select sm1_0.sender_id,sm1_0.id,sm1_0.date,sm1_0.msg,r1_0.id,r1_0.email,fl1_0.id,fl1_0.total,r1_0.first_name,r1_0.last_name,r1_0.password,r1_0.role from messages_table sm1_0 left join users_table r1_0 on r1_0.id=sm1_0.receiver_id left join favourites_table fl1_0 on fl1_0.id=r1_0.favourite_id where sm1_0.sender_id=?
Hibernate: select a1_0.user_id,a1_0.id,c1_0.id,c1_0.category_name,a1_0.date,a1_0.description,a1_0.discount,a1_0.imageurl,a1_0.new_price,a1_0.price,a1_0.title from announces_table a1_0 left join categories_table c1_0 on c1_0.id=a1_0.category_id where a1_0.user_id=?
Hibernate: select rm1_0.receiver_id,rm1_0.id,rm1_0.date,rm1_0.msg,s1_0.id,s1_0.email,fl1_0.id,fl1_0.total,s1_0.first_name,s1_0.last_name,s1_0.password,s1_0.role from messages_table rm1_0 left join users_table s1_0 on s1_0.id=rm1_0.sender_id left join favourites_table fl1_0 on fl1_0.id=s1_0.favourite_id where rm1_0.receiver_id=?
Hibernate: select sm1_0.sender_id,sm1_0.id,sm1_0.date,sm1_0.msg,r1_0.id,r1_0.email,fl1_0.id,fl1_0.total,r1_0.first_name,r1_0.last_name,r1_0.password,r1_0.role from messages_table sm1_0 left join users_table r1_0 on r1_0.id=sm1_0.receiver_id left join favourites_table fl1_0 on fl1_0.id=r1_0.favourite_id where sm1_0.sender_id=?
Hibernate: select a1_0.user_id,a1_0.id,c1_0.id,c1_0.category_name,a1_0.date,a1_0.description,a1_0.discount,a1_0.imageurl,a1_0.new_price,a1_0.price,a1_0.title from announces_table a1_0 left join categories_table c1_0 on c1_0.id=a1_0.category_id where a1_0.user_id=?
Hibernate: select rm1_0.receiver_id,rm1_0.id,rm1_0.date,rm1_0.msg,s1_0.id,s1_0.email,fl1_0.id,fl1_0.total,s1_0.first_name,s1_0.last_name,s1_0.password,s1_0.role from messages_table rm1_0 left join users_table s1_0 on s1_0.id=rm1_0.sender_id left join favourites_table fl1_0 on fl1_0.id=s1_0.favourite_id where rm1_0.receiver_id=?
Hibernate: select sm1_0.sender_id,sm1_0.id,sm1_0.date,sm1_0.msg,r1_0.id,r1_0.email,fl1_0.id,fl1_0.total,r1_0.first_name,r1_0.last_name,r1_0.password,r1_0.role from messages_table sm1_0 left join users_table r1_0 on r1_0.id=sm1_0.receiver_id left join favourites_table fl1_0 on fl1_0.id=r1_0.favourite_id where sm1_0.sender_id=?
Hibernate: select a1_0.user_id,a1_0.id,c1_0.id,c1_0.category_name,a1_0.date,a1_0.description,a1_0.discount,a1_0.imageurl,a1_0.new_price,a1_0.price,a1_0.title from announces_table a1_0 left join categories_table c1_0 on c1_0.id=a1_0.category_id where a1_0.user_id=?
Hibernate: select rm1_0.receiver_id,rm1_0.id,rm1_0.date,rm1_0.msg,s1_0.id,s1_0.email,fl1_0.id,fl1_0.total,s1_0.first_name,s1_0.last_name,s1_0.password,s1_0.role from messages_table rm1_0 left join users_table s1_0 on s1_0.id=rm1_0.sender_id left join favourites_table fl1_0 on fl1_0.id=s1_0.favourite_id where rm1_0.receiver_id=?
Hibernate: select sm1_0.sender_id,sm1_0.id,sm1_0.date,sm1_0.msg,r1_0.id,r1_0.email,fl1_0.id,fl1_0.total,r1_0.first_name,r1_0.last_name,r1_0.password,r1_0.role from messages_table sm1_0 left join users_table r1_0 on r1_0.id=sm1_0.receiver_id left join favourites_table fl1_0 on fl1_0.id=r1_0.favourite_id where sm1_0.sender_id=?
Hibernate: select a1_0.user_id,a1_0.id,c1_0.id,c1_0.category_name,a1_0.date,a1_0.description,a1_0.discount,a1_0.imageurl,a1_0.new_price,a1_0.price,a1_0.title from announces_table a1_0 left join categories_table c1_0 on c1_0.id=a1_0.category_id where a1_0.user_id=?
Hibernate: select rm1_0.receiver_id,rm1_0.id,rm1_0.date,rm1_0.msg,s1_0.id,s1_0.email,fl1_0.id,fl1_0.total,s1_0.first_name,s1_0.last_name,s1_0.password,s1_0.role from messages_table rm1_0 left join users_table s1_0 on s1_0.id=rm1_0.sender_id left join favourites_table fl1_0 on fl1_0.id=s1_0.favourite_id where rm1_0.receiver_id=?
Hibernate: select sm1_0.sender_id,sm1_0.id,sm1_0.date,sm1_0.msg,r1_0.id,r1_0.email,fl1_0.id,fl1_0.total,r1_0.first_name,r1_0.last_name,r1_0.password,r1_0.role from messages_table sm1_0 left join users_table r1_0 on r1_0.id=sm1_0.receiver_id left join favourites_table fl1_0 on fl1_0.id=r1_0.favourite_id where sm1_0.sender_id=?
Hibernate: select a1_0.user_id,a1_0.id,c1_0.id,c1_0.category_name,a1_0.date,a1_0.description,a1_0.discount,a1_0.imageurl,a1_0.new_price,a1_0.price,a1_0.title from announces_table a1_0 left join categories_table c1_0 on c1_0.id=a1_0.category_id where a1_0.user_id=?
Hibernate: select rm1_0.receiver_id,rm1_0.id,rm1_0.date,rm1_0.msg,s1_0.id,s1_0.email,fl1_0.id,fl1_0.total,s1_0.first_name,s1_0.last_name,s1_0.password,s1_0.role from messages_table rm1_0 left join users_table s1_0 on s1_0.id=rm1_0.sender_id left join favourites_table fl1_0 on fl1_0.id=s1_0.favourite_id where rm1_0.receiver_id=?
Hibernate: select sm1_0.sender_id,sm1_0.id,sm1_0.date,sm1_0.msg,r1_0.id,r1_0.email,fl1_0.id,fl1_0.total,r1_0.first_name,r1_0.last_name,r1_0.password,r1_0.role from messages_table sm1_0 left join users_table r1_0 on r1_0.id=sm1_0.receiver_id left join favourites_table fl1_0 on fl1_0.id=r1_0.favourite_id where sm1_0.sender_id=?
Hibernate: delete from favourite_announcement where favourite_id=?
Hibernate: delete from favourite_announcement where favourite_id=?
Hibernate: delete from favourite_announcement where favourite_id=?
Hibernate: delete from favourite_announcement where favourite_id=?
Hibernate: delete from favourite_announcement where favourite_id=?
Hibernate: delete from favourite_announcement where favourite_id=?
Hibernate: delete from favourite_announcement where favourite_id=?
Hibernate: delete from announces_table where id=?
Hibernate: delete from announces_table where id=?
Hibernate: delete from messages_table where id=?
Hibernate: delete from messages_table where id=?
Hibernate: delete from users_table where id=?
Hibernate: delete from favourites_table where id=?
Hibernate: delete from announces_table where id=?
Hibernate: delete from announces_table where id=?
Hibernate: delete from messages_table where id=?
Hibernate: delete from messages_table where id=?
Hibernate: delete from messages_table where id=?
Hibernate: delete from messages_table where id=?
Hibernate: delete from messages_table where id=?
Hibernate: delete from users_table where id=?
Hibernate: delete from favourites_table where id=?
Hibernate: delete from announces_table where id=?
Hibernate: delete from announces_table where id=?
Hibernate: delete from announces_table where id=?
Hibernate: delete from users_table where id=?
Hibernate: delete from favourites_table where id=?
Hibernate: delete from users_table where id=?
Hibernate: delete from favourites_table where id=?
Hibernate: delete from users_table where id=?
Hibernate: delete from favourites_table where id=?
Hibernate: delete from users_table where id=?
Hibernate: delete from favourites_table where id=?
Hibernate: delete from users_table where id=?
Hibernate: delete from favourites_table where id=?
Hibernate: delete from users_table where id=?
Hibernate: select f1_0.id,f1_0.total from favourites_table f1_0
Hibernate: select u1_0.id from users_table u1_0 where upper(u1_0.email)=upper(?) fetch first ? rows only
Hibernate: insert into users_table (email,favourite_id,first_name,last_name,password,role,id) values (?,?,?,?,?,?,?)
Hibernate: insert into favourites_table (total,id) values (?,?)
Hibernate: update users_table set email=?,favourite_id=?,first_name=?,last_name=?,password=?,role=? where id=?
Hibernate: select u1_0.id from users_table u1_0 where upper(u1_0.email)=upper(?) fetch first ? rows only
Hibernate: insert into users_table (email,favourite_id,first_name,last_name,password,role,id) values (?,?,?,?,?,?,?)
Hibernate: insert into favourites_table (total,id) values (?,?)
Hibernate: update users_table set email=?,favourite_id=?,first_name=?,last_name=?,password=?,role=? where id=?
Hibernate: select u1_0.id,u1_0.email,u1_0.favourite_id,u1_0.first_name,u1_0.last_name,u1_0.password,u1_0.role from users_table u1_0
User{id='b01ddabc-eed1-466e-9a6b-b19fe6f2d25f', firstName='Andrei', lastName='Pop', favouriteList=5db71b6b-7f67-462a-917d-2b6355a4a966}
User{id='023c69ec-dad6-4dc5-8dcf-d3ca0fab07a9', firstName='Ana', lastName='Moldovan', favouriteList=8d99a6f5-9026-4789-a638-2916a6b55b1c}
Hibernate: insert into categories_table (category_name,id) values (?,?)
Hibernate: select c1_0.id,c1_0.category_name from categories_table c1_0
Hibernate: select a1_0.category_id,a1_0.id,a1_0.date,a1_0.description,a1_0.discount,a1_0.imageurl,a1_0.new_price,a1_0.price,a1_0.title,u1_0.id,u1_0.email,fl1_0.id,fl1_0.total,u1_0.first_name,u1_0.last_name,u1_0.password,u1_0.role from announces_table a1_0 left join users_table u1_0 on u1_0.id=a1_0.user_id left join favourites_table fl1_0 on fl1_0.id=u1_0.favourite_id where a1_0.category_id=?
Hibernate: select a1_0.category_id,a1_0.id,a1_0.date,a1_0.description,a1_0.discount,a1_0.imageurl,a1_0.new_price,a1_0.price,a1_0.title,u1_0.id,u1_0.email,fl1_0.id,fl1_0.total,u1_0.first_name,u1_0.last_name,u1_0.password,u1_0.role from announces_table a1_0 left join users_table u1_0 on u1_0.id=a1_0.user_id left join favourites_table fl1_0 on fl1_0.id=u1_0.favourite_id where a1_0.category_id=?
Hibernate: select a1_0.category_id,a1_0.id,a1_0.date,a1_0.description,a1_0.discount,a1_0.imageurl,a1_0.new_price,a1_0.price,a1_0.title,u1_0.id,u1_0.email,fl1_0.id,fl1_0.total,u1_0.first_name,u1_0.last_name,u1_0.password,u1_0.role from announces_table a1_0 left join users_table u1_0 on u1_0.id=a1_0.user_id left join favourites_table fl1_0 on fl1_0.id=u1_0.favourite_id where a1_0.category_id=?
Hibernate: select a1_0.category_id,a1_0.id,a1_0.date,a1_0.description,a1_0.discount,a1_0.imageurl,a1_0.new_price,a1_0.price,a1_0.title,u1_0.id,u1_0.email,fl1_0.id,fl1_0.total,u1_0.first_name,u1_0.last_name,u1_0.password,u1_0.role from announces_table a1_0 left join users_table u1_0 on u1_0.id=a1_0.user_id left join favourites_table fl1_0 on fl1_0.id=u1_0.favourite_id where a1_0.category_id=?
Hibernate: select a1_0.category_id,a1_0.id,a1_0.date,a1_0.description,a1_0.discount,a1_0.imageurl,a1_0.new_price,a1_0.price,a1_0.title,u1_0.id,u1_0.email,fl1_0.id,fl1_0.total,u1_0.first_name,u1_0.last_name,u1_0.password,u1_0.role from announces_table a1_0 left join users_table u1_0 on u1_0.id=a1_0.user_id left join favourites_table fl1_0 on fl1_0.id=u1_0.favourite_id where a1_0.category_id=?
Hibernate: select a1_0.category_id,a1_0.id,a1_0.date,a1_0.description,a1_0.discount,a1_0.imageurl,a1_0.new_price,a1_0.price,a1_0.title,u1_0.id,u1_0.email,fl1_0.id,fl1_0.total,u1_0.first_name,u1_0.last_name,u1_0.password,u1_0.role from announces_table a1_0 left join users_table u1_0 on u1_0.id=a1_0.user_id left join favourites_table fl1_0 on fl1_0.id=u1_0.favourite_id where a1_0.category_id=?
Hibernate: select a1_0.category_id,a1_0.id,a1_0.date,a1_0.description,a1_0.discount,a1_0.imageurl,a1_0.new_price,a1_0.price,a1_0.title,u1_0.id,u1_0.email,fl1_0.id,fl1_0.total,u1_0.first_name,u1_0.last_name,u1_0.password,u1_0.role from announces_table a1_0 left join users_table u1_0 on u1_0.id=a1_0.user_id left join favourites_table fl1_0 on fl1_0.id=u1_0.favourite_id where a1_0.category_id=?
Hibernate: select a1_0.category_id,a1_0.id,a1_0.date,a1_0.description,a1_0.discount,a1_0.imageurl,a1_0.new_price,a1_0.price,a1_0.title,u1_0.id,u1_0.email,fl1_0.id,fl1_0.total,u1_0.first_name,u1_0.last_name,u1_0.password,u1_0.role from announces_table a1_0 left join users_table u1_0 on u1_0.id=a1_0.user_id left join favourites_table fl1_0 on fl1_0.id=u1_0.favourite_id where a1_0.category_id=?
Hibernate: insert into announces_table (category_id,date,description,discount,imageurl,new_price,price,title,user_id,id) values (?,?,?,?,?,?,?,?,?,?)
Hibernate: select a1_0.id,a1_0.category_id,a1_0.date,a1_0.description,a1_0.discount,a1_0.imageurl,a1_0.new_price,a1_0.price,a1_0.title,a1_0.user_id from announces_table a1_0 left join users_table u1_0 on u1_0.id=a1_0.user_id where u1_0.id=?
Hibernate: select f1_0.id,f1_0.total from favourites_table f1_0 left join users_table u1_0 on f1_0.id=u1_0.favourite_id where u1_0.id=?
Hibernate: select u1_0.id,u1_0.email,u1_0.favourite_id,u1_0.first_name,u1_0.last_name,u1_0.password,u1_0.role from users_table u1_0
User{id='b01ddabc-eed1-466e-9a6b-b19fe6f2d25f', firstName='Andrei', lastName='Pop', favouriteList=5db71b6b-7f67-462a-917d-2b6355a4a966}
User{id='023c69ec-dad6-4dc5-8dcf-d3ca0fab07a9', firstName='Ana', lastName='Moldovan', favouriteList=8d99a6f5-9026-4789-a638-2916a6b55b1c}
Hibernate: update favourites_table set total=? where id=?
Hibernate: insert into favourite_announcement (favourite_id,announcement_id) values (?,?)
Hibernate: select f1_0.id,f1_0.total from favourites_table f1_0 left join users_table u1_0 on f1_0.id=u1_0.favourite_id where u1_0.id=?
8d99a6f5-9026-4789-a638-2916a6b55b1c
]]></system-out>
  </testcase>
</testsuite>